已經開始建置於 2016/1/5 下午 11:03:03。
     1>節點 2 (Build 目標) 上的專案 "G:\NEW VS\of_v0.8.4_vs_release\examples\math\particlesExample1\particlesExample.vcxproj"。
     1>ClCompile:
         G:\NEW VS\VS2012\VC\bin\CL.exe /c /I..\..\..\libs\openFrameworks /I..\..\..\libs\openFrameworks\graphics /I..\..\..\libs\openFrameworks\app /I..\..\..\libs\openFrameworks\sound /I..\..\..\libs\openFrameworks\utils /I..\..\..\libs\openFrameworks\communication /I..\..\..\libs\openFrameworks\video /I..\..\..\libs\openFrameworks\types /I..\..\..\libs\openFrameworks\math /I..\..\..\libs\openFrameworks\3d /I..\..\..\libs\openFrameworks\gl /I..\..\..\libs\openFrameworks\events /I..\..\..\libs\glut\include /I..\..\..\libs\rtAudio\include /I..\..\..\libs\quicktime\include /I..\..\..\libs\freetype\include /I..\..\..\libs\freetype\include\freetype2 /I..\..\..\libs\freeImage\include /I..\..\..\libs\fmodex\include /I..\..\..\libs\videoInput\include /I..\..\..\libs\glew\include\ /I..\..\..\libs\glu\include /I..\..\..\libs\tess2\include /I..\..\..\libs\cairo\include\cairo /I..\..\..\libs\poco\include /I..\..\..\libs\glfw\include /I..\..\..\libs\openssl\include /I..\..\..\addons /Isrc /ZI /nologo /W3 /WX- /Od /Oy- /D WIN32 /D _DEBUG /D _CONSOLE /D POCO_STATIC /D CAIRO_WIN32_STATIC_BUILD /D DISABLE_SOME_FLOATING_POINT /D _UNICODE /D UNICODE /Gm /EHsc /RTC1 /MDd /GS /fp:precise /Zc:wchar_t /Zc:forScope /Fo"obj\Debug\\" /Fd"obj\Debug\vc110.pdb" /Gd /TP /analyze- /errorReport:prompt src\demoParticle.cpp
         demoParticle.cpp
     1>g:\new vs\of_v0.8.4_vs_release\libs\poco\include\poco\streamconverter.h(126): warning C4250: 'Poco::InputStreamConverter' : 經由支配繼承 'std::basic_istream<_Elem,_Traits>::std::basic_istream<_Elem,_Traits>::_Add_vtordisp1'
                 with
                 [
                     _Elem=char,
                     _Traits=std::char_traits<char>
                 ]
                 g:\new vs\vs2012\vc\include\istream(74) : 請參閱 'std::basic_istream<_Elem,_Traits>::_Add_vtordisp1' 的宣告
                 with
                 [
                     _Elem=char,
                     _Traits=std::char_traits<char>
                 ]
     1>g:\new vs\of_v0.8.4_vs_release\libs\poco\include\poco\streamconverter.h(144): warning C4250: 'Poco::OutputStreamConverter' : 經由支配繼承 'std::basic_ostream<_Elem,_Traits>::std::basic_ostream<_Elem,_Traits>::_Add_vtordisp2'
                 with
                 [
                     _Elem=char,
                     _Traits=std::char_traits<char>
                 ]
                 g:\new vs\vs2012\vc\include\ostream(90) : 請參閱 'std::basic_ostream<_Elem,_Traits>::_Add_vtordisp2' 的宣告
                 with
                 [
                     _Elem=char,
                     _Traits=std::char_traits<char>
                 ]
       Link:
         G:\NEW VS\VS2012\VC\bin\link.exe /ERRORREPORT:PROMPT /OUT:"bin\particlesExample_debug.exe" /INCREMENTAL /NOLOGO /LIBPATH:..\..\..\libs\glut\lib\vs /LIBPATH:..\..\..\libs\glfw\lib\vs /LIBPATH:..\..\..\libs\rtAudio\lib\vs /LIBPATH:..\..\..\libs\FreeImage\lib\vs /LIBPATH:..\..\..\libs\freetype\lib\vs /LIBPATH:..\..\..\libs\quicktime\lib\vs /LIBPATH:..\..\..\libs\fmodex\lib\vs /LIBPATH:..\..\..\libs\videoInput\lib\vs /LIBPATH:..\..\..\libs\cairo\lib\vs /LIBPATH:..\..\..\libs\glew\lib\vs /LIBPATH:..\..\..\libs\glu\lib\vs /LIBPATH:..\..\..\libs\openssl\lib\vs /LIBPATH:..\..\..\libs\Poco\lib\vs /LIBPATH:..\..\..\libs\tess2\lib\vs "cairo-static.lib" "pixman-1.lib" msimg32.lib OpenGL32.lib GLu32.lib kernel32.lib setupapi.lib Vfw32.lib comctl32.lib glut32.lib rtAudioD.lib videoInputD.lib libfreetype.lib FreeImage.lib qtmlClient.lib dsound.lib user32.lib gdi32.lib winspool.lib comdlg32.lib advapi32.lib shell32.lib ole32.lib oleaut32.lib uuid.lib glew32s.lib fmodex_vc.lib glu32.lib ssleay32MD.lib libeay32MD.lib crypt32.lib PocoFoundationmdd.lib PocoNetmdd.lib PocoUtilmdd.lib PocoXMLmdd.lib Ws2_32.lib tess2.lib glfw3.lib kernel32.lib user32.lib gdi32.lib winspool.lib comdlg32.lib advapi32.lib shell32.lib ole32.lib oleaut32.lib uuid.lib odbc32.lib odbccp32.lib /NODEFAULTLIB:PocoFoundationmdd.lib /NODEFAULTLIB:atlthunk.lib /NODEFAULTLIB:msvcrt /NODEFAULTLIB:libcmt /NODEFAULTLIB:LIBC /NODEFAULTLIB:LIBCMTD /MANIFEST /MANIFESTUAC:"level='asInvoker' uiAccess='false'" /manifest:embed /DEBUG /PDB:"bin\particlesExample_debug.pdb" /SUBSYSTEM:CONSOLE /TLBID:1 /DYNAMICBASE:NO /NXCOMPAT /IMPLIB:"bin\particlesExample_debug.lib" /MACHINE:X86 /SAFESEH obj\Debug\icon.res
         obj\Debug\main.obj
         obj\Debug\ofApp.obj
         obj\Debug\demoParticle.obj
         "G:\NEW VS\of_v0.8.4_vs_release\libs\openFrameworksCompiled\lib\vs\openframeworksLib_debug.lib"
     1>main.obj : warning LNK4075: 忽略 '/EDITANDCONTINUE'，由於 '/SAFESEH' 規格
            正在建立程式庫 bin\particlesExample_debug.lib 和物件 bin\particlesExample_debug.exp
     1>videoInputD.lib(videoInput.obj) : warning LNK4099: 找不到 PDB 'vc110.pdb' (有 'videoInputD.lib(videoInput.obj)' 或位於 'G:\NEW VS\of_v0.8.4_vs_release\examples\math\particlesExample1\bin\vc110.pdb')，當做沒有偵錯資訊，連結物件
     1>PocoFoundationmdd.lib(Ascii.obj) : warning LNK4099: 找不到 PDB 'pocofoundationmdd.pdb' (有 'PocoFoundationmdd.lib(Ascii.obj)' 或位於 'G:\NEW VS\of_v0.8.4_vs_release\examples\math\particlesExample1\bin\pocofoundationmdd.pdb')，當做沒有偵錯資訊，連結物件
     1>PocoFoundationmdd.lib(AtomicCounter.obj) : warning LNK4099: 找不到 PDB 'pocofoundationmdd.pdb' (有 'PocoFoundationmdd.lib(AtomicCounter.obj)' 或位於 'G:\NEW VS\of_v0.8.4_vs_release\examples\math\particlesExample1\bin\pocofoundationmdd.pdb')，當做沒有偵錯資訊，連結物件
     1>PocoFoundationmdd.lib(Bugcheck.obj) : warning LNK4099: 找不到 PDB 'pocofoundationmdd.pdb' (有 'PocoFoundationmdd.lib(Bugcheck.obj)' 或位於 'G:\NEW VS\of_v0.8.4_vs_release\examples\math\particlesExample1\bin\pocofoundationmdd.pdb')，當做沒有偵錯資訊，連結物件
     1>PocoFoundationmdd.lib(Debugger.obj) : warning LNK4099: 找不到 PDB 'pocofoundationmdd.pdb' (有 'PocoFoundationmdd.lib(Debugger.obj)' 或位於 'G:\NEW VS\of_v0.8.4_vs_release\examples\math\particlesExample1\bin\pocofoundationmdd.pdb')，當做沒有偵錯資訊，連結物件
     1>PocoFoundationmdd.lib(Environment.obj) : warning LNK4099: 找不到 PDB 'pocofoundationmdd.pdb' (有 'PocoFoundationmdd.lib(Environment.obj)' 或位於 'G:\NEW VS\of_v0.8.4_vs_release\examples\math\particlesExample1\bin\pocofoundationmdd.pdb')，當做沒有偵錯資訊，連結物件
     1>PocoFoundationmdd.lib(Exception.obj) : warning LNK4099: 找不到 PDB 'pocofoundationmdd.pdb' (有 'PocoFoundationmdd.lib(Exception.obj)' 或位於 'G:\NEW VS\of_v0.8.4_vs_release\examples\math\particlesExample1\bin\pocofoundationmdd.pdb')，當做沒有偵錯資訊，連結物件
     1>PocoFoundationmdd.lib(Format.obj) : warning LNK4099: 找不到 PDB 'pocofoundationmdd.pdb' (有 'PocoFoundationmdd.lib(Format.obj)' 或位於 'G:\NEW VS\of_v0.8.4_vs_release\examples\math\particlesExample1\bin\pocofoundationmdd.pdb')，當做沒有偵錯資訊，連結物件
     1>PocoFoundationmdd.lib(MemoryPool.obj) : warning LNK4099: 找不到 PDB 'pocofoundationmdd.pdb' (有 'PocoFoundationmdd.lib(MemoryPool.obj)' 或位於 'G:\NEW VS\of_v0.8.4_vs_release\examples\math\particlesExample1\bin\pocofoundationmdd.pdb')，當做沒有偵錯資訊，連結物件
     1>PocoFoundationmdd.lib(NumberFormatter.obj) : warning LNK4099: 找不到 PDB 'pocofoundationmdd.pdb' (有 'PocoFoundationmdd.lib(NumberFormatter.obj)' 或位於 'G:\NEW VS\of_v0.8.4_vs_release\examples\math\particlesExample1\bin\pocofoundationmdd.pdb')，當做沒有偵錯資訊，連結物件
     1>PocoFoundationmdd.lib(NumberParser.obj) : warning LNK4099: 找不到 PDB 'pocofoundationmdd.pdb' (有 'PocoFoundationmdd.lib(NumberParser.obj)' 或位於 'G:\NEW VS\of_v0.8.4_vs_release\examples\math\particlesExample1\bin\pocofoundationmdd.pdb')，當做沒有偵錯資訊，連結物件
     1>PocoFoundationmdd.lib(RefCountedObject.obj) : warning LNK4099: 找不到 PDB 'pocofoundationmdd.pdb' (有 'PocoFoundationmdd.lib(RefCountedObject.obj)' 或位於 'G:\NEW VS\of_v0.8.4_vs_release\examples\math\particlesExample1\bin\pocofoundationmdd.pdb')，當做沒有偵錯資訊，連結物件
     1>PocoFoundationmdd.lib(StringTokenizer.obj) : warning LNK4099: 找不到 PDB 'pocofoundationmdd.pdb' (有 'PocoFoundationmdd.lib(StringTokenizer.obj)' 或位於 'G:\NEW VS\of_v0.8.4_vs_release\examples\math\particlesExample1\bin\pocofoundationmdd.pdb')，當做沒有偵錯資訊，連結物件
     1>PocoFoundationmdd.lib(Void.obj) : warning LNK4099: 找不到 PDB 'pocofoundationmdd.pdb' (有 'PocoFoundationmdd.lib(Void.obj)' 或位於 'G:\NEW VS\of_v0.8.4_vs_release\examples\math\particlesExample1\bin\pocofoundationmdd.pdb')，當做沒有偵錯資訊，連結物件
     1>PocoFoundationmdd.lib(Base64Decoder.obj) : warning LNK4099: 找不到 PDB 'pocofoundationmdd.pdb' (有 'PocoFoundationmdd.lib(Base64Decoder.obj)' 或位於 'G:\NEW VS\of_v0.8.4_vs_release\examples\math\particlesExample1\bin\pocofoundationmdd.pdb')，當做沒有偵錯資訊，連結物件
     1>PocoFoundationmdd.lib(Base64Encoder.obj) : warning LNK4099: 找不到 PDB 'pocofoundationmdd.pdb' (有 'PocoFoundationmdd.lib(Base64Encoder.obj)' 或位於 'G:\NEW VS\of_v0.8.4_vs_release\examples\math\particlesExample1\bin\pocofoundationmdd.pdb')，當做沒有偵錯資訊，連結物件
     1>PocoFoundationmdd.lib(CountingStream.obj) : warning LNK4099: 找不到 PDB 'pocofoundationmdd.pdb' (有 'PocoFoundationmdd.lib(CountingStream.obj)' 或位於 'G:\NEW VS\of_v0.8.4_vs_release\examples\math\particlesExample1\bin\pocofoundationmdd.pdb')，當做沒有偵錯資訊，連結物件
     1>PocoFoundationmdd.lib(DeflatingStream.obj) : warning LNK4099: 找不到 PDB 'pocofoundationmdd.pdb' (有 'PocoFoundationmdd.lib(DeflatingStream.obj)' 或位於 'G:\NEW VS\of_v0.8.4_vs_release\examples\math\particlesExample1\bin\pocofoundationmdd.pdb')，當做沒有偵錯資訊，連結物件
     1>PocoFoundationmdd.lib(FileStream.obj) : warning LNK4099: 找不到 PDB 'pocofoundationmdd.pdb' (有 'PocoFoundationmdd.lib(FileStream.obj)' 或位於 'G:\NEW VS\of_v0.8.4_vs_release\examples\math\particlesExample1\bin\pocofoundationmdd.pdb')，當做沒有偵錯資訊，連結物件
     1>PocoFoundationmdd.lib(LineEndingConverter.obj) : warning LNK4099: 找不到 PDB 'pocofoundationmdd.pdb' (有 'PocoFoundationmdd.lib(LineEndingConverter.obj)' 或位於 'G:\NEW VS\of_v0.8.4_vs_release\examples\math\particlesExample1\bin\pocofoundationmdd.pdb')，當做沒有偵錯資訊，連結物件
     1>PocoFoundationmdd.lib(MemoryStream.obj) : warning LNK4099: 找不到 PDB 'pocofoundationmdd.pdb' (有 'PocoFoundationmdd.lib(MemoryStream.obj)' 或位於 'G:\NEW VS\of_v0.8.4_vs_release\examples\math\particlesExample1\bin\pocofoundationmdd.pdb')，當做沒有偵錯資訊，連結物件
     1>PocoFoundationmdd.lib(NullStream.obj) : warning LNK4099: 找不到 PDB 'pocofoundationmdd.pdb' (有 'PocoFoundationmdd.lib(NullStream.obj)' 或位於 'G:\NEW VS\of_v0.8.4_vs_release\examples\math\particlesExample1\bin\pocofoundationmdd.pdb')，當做沒有偵錯資訊，連結物件
     1>PocoFoundationmdd.lib(StreamCopier.obj) : warning LNK4099: 找不到 PDB 'pocofoundationmdd.pdb' (有 'PocoFoundationmdd.lib(StreamCopier.obj)' 或位於 'G:\NEW VS\of_v0.8.4_vs_release\examples\math\particlesExample1\bin\pocofoundationmdd.pdb')，當做沒有偵錯資訊，連結物件
     1>PocoFoundationmdd.lib(adler32.obj) : warning LNK4099: 找不到 PDB 'pocofoundationmdd.pdb' (有 'PocoFoundationmdd.lib(adler32.obj)' 或位於 'G:\NEW VS\of_v0.8.4_vs_release\examples\math\particlesExample1\bin\pocofoundationmdd.pdb')，當做沒有偵錯資訊，連結物件
     1>PocoFoundationmdd.lib(crc32.obj) : warning LNK4099: 找不到 PDB 'pocofoundationmdd.pdb' (有 'PocoFoundationmdd.lib(crc32.obj)' 或位於 'G:\NEW VS\of_v0.8.4_vs_release\examples\math\particlesExample1\bin\pocofoundationmdd.pdb')，當做沒有偵錯資訊，連結物件
     1>PocoFoundationmdd.lib(deflate.obj) : warning LNK4099: 找不到 PDB 'pocofoundationmdd.pdb' (有 'PocoFoundationmdd.lib(deflate.obj)' 或位於 'G:\NEW VS\of_v0.8.4_vs_release\examples\math\particlesExample1\bin\pocofoundationmdd.pdb')，當做沒有偵錯資訊，連結物件
     1>PocoFoundationmdd.lib(trees.obj) : warning LNK4099: 找不到 PDB 'pocofoundationmdd.pdb' (有 'PocoFoundationmdd.lib(trees.obj)' 或位於 'G:\NEW VS\of_v0.8.4_vs_release\examples\math\particlesExample1\bin\pocofoundationmdd.pdb')，當做沒有偵錯資訊，連結物件
     1>PocoFoundationmdd.lib(zutil.obj) : warning LNK4099: 找不到 PDB 'pocofoundationmdd.pdb' (有 'PocoFoundationmdd.lib(zutil.obj)' 或位於 'G:\NEW VS\of_v0.8.4_vs_release\examples\math\particlesExample1\bin\pocofoundationmdd.pdb')，當做沒有偵錯資訊，連結物件
     1>PocoFoundationmdd.lib(ActiveDispatcher.obj) : warning LNK4099: 找不到 PDB 'pocofoundationmdd.pdb' (有 'PocoFoundationmdd.lib(ActiveDispatcher.obj)' 或位於 'G:\NEW VS\of_v0.8.4_vs_release\examples\math\particlesExample1\bin\pocofoundationmdd.pdb')，當做沒有偵錯資訊，連結物件
     1>PocoFoundationmdd.lib(Condition.obj) : warning LNK4099: 找不到 PDB 'pocofoundationmdd.pdb' (有 'PocoFoundationmdd.lib(Condition.obj)' 或位於 'G:\NEW VS\of_v0.8.4_vs_release\examples\math\particlesExample1\bin\pocofoundationmdd.pdb')，當做沒有偵錯資訊，連結物件
     1>PocoFoundationmdd.lib(ErrorHandler.obj) : warning LNK4099: 找不到 PDB 'pocofoundationmdd.pdb' (有 'PocoFoundationmdd.lib(ErrorHandler.obj)' 或位於 'G:\NEW VS\of_v0.8.4_vs_release\examples\math\particlesExample1\bin\pocofoundationmdd.pdb')，當做沒有偵錯資訊，連結物件
     1>PocoFoundationmdd.lib(Event.obj) : warning LNK4099: 找不到 PDB 'pocofoundationmdd.pdb' (有 'PocoFoundationmdd.lib(Event.obj)' 或位於 'G:\NEW VS\of_v0.8.4_vs_release\examples\math\particlesExample1\bin\pocofoundationmdd.pdb')，當做沒有偵錯資訊，連結物件
     1>PocoFoundationmdd.lib(Mutex.obj) : warning LNK4099: 找不到 PDB 'pocofoundationmdd.pdb' (有 'PocoFoundationmdd.lib(Mutex.obj)' 或位於 'G:\NEW VS\of_v0.8.4_vs_release\examples\math\particlesExample1\bin\pocofoundationmdd.pdb')，當做沒有偵錯資訊，連結物件
     1>PocoFoundationmdd.lib(Runnable.obj) : warning LNK4099: 找不到 PDB 'pocofoundationmdd.pdb' (有 'PocoFoundationmdd.lib(Runnable.obj)' 或位於 'G:\NEW VS\of_v0.8.4_vs_release\examples\math\particlesExample1\bin\pocofoundationmdd.pdb')，當做沒有偵錯資訊，連結物件
     1>PocoFoundationmdd.lib(RWLock.obj) : warning LNK4099: 找不到 PDB 'pocofoundationmdd.pdb' (有 'PocoFoundationmdd.lib(RWLock.obj)' 或位於 'G:\NEW VS\of_v0.8.4_vs_release\examples\math\particlesExample1\bin\pocofoundationmdd.pdb')，當做沒有偵錯資訊，連結物件
     1>PocoFoundationmdd.lib(Thread.obj) : warning LNK4099: 找不到 PDB 'pocofoundationmdd.pdb' (有 'PocoFoundationmdd.lib(Thread.obj)' 或位於 'G:\NEW VS\of_v0.8.4_vs_release\examples\math\particlesExample1\bin\pocofoundationmdd.pdb')，當做沒有偵錯資訊，連結物件
     1>PocoFoundationmdd.lib(ThreadLocal.obj) : warning LNK4099: 找不到 PDB 'pocofoundationmdd.pdb' (有 'PocoFoundationmdd.lib(ThreadLocal.obj)' 或位於 'G:\NEW VS\of_v0.8.4_vs_release\examples\math\particlesExample1\bin\pocofoundationmdd.pdb')，當做沒有偵錯資訊，連結物件
     1>PocoFoundationmdd.lib(DigestEngine.obj) : warning LNK4099: 找不到 PDB 'pocofoundationmdd.pdb' (有 'PocoFoundationmdd.lib(DigestEngine.obj)' 或位於 'G:\NEW VS\of_v0.8.4_vs_release\examples\math\particlesExample1\bin\pocofoundationmdd.pdb')，當做沒有偵錯資訊，連結物件
     1>PocoFoundationmdd.lib(MD5Engine.obj) : warning LNK4099: 找不到 PDB 'pocofoundationmdd.pdb' (有 'PocoFoundationmdd.lib(MD5Engine.obj)' 或位於 'G:\NEW VS\of_v0.8.4_vs_release\examples\math\particlesExample1\bin\pocofoundationmdd.pdb')，當做沒有偵錯資訊，連結物件
     1>PocoFoundationmdd.lib(RandomStream.obj) : warning LNK4099: 找不到 PDB 'pocofoundationmdd.pdb' (有 'PocoFoundationmdd.lib(RandomStream.obj)' 或位於 'G:\NEW VS\of_v0.8.4_vs_release\examples\math\particlesExample1\bin\pocofoundationmdd.pdb')，當做沒有偵錯資訊，連結物件
     1>PocoFoundationmdd.lib(RegularExpression.obj) : warning LNK4099: 找不到 PDB 'pocofoundationmdd.pdb' (有 'PocoFoundationmdd.lib(RegularExpression.obj)' 或位於 'G:\NEW VS\of_v0.8.4_vs_release\examples\math\particlesExample1\bin\pocofoundationmdd.pdb')，當做沒有偵錯資訊，連結物件
     1>PocoFoundationmdd.lib(pcre_chartables.obj) : warning LNK4099: 找不到 PDB 'pocofoundationmdd.pdb' (有 'PocoFoundationmdd.lib(pcre_chartables.obj)' 或位於 'G:\NEW VS\of_v0.8.4_vs_release\examples\math\particlesExample1\bin\pocofoundationmdd.pdb')，當做沒有偵錯資訊，連結物件
     1>PocoFoundationmdd.lib(pcre_compile.obj) : warning LNK4099: 找不到 PDB 'pocofoundationmdd.pdb' (有 'PocoFoundationmdd.lib(pcre_compile.obj)' 或位於 'G:\NEW VS\of_v0.8.4_vs_release\examples\math\particlesExample1\bin\pocofoundationmdd.pdb')，當做沒有偵錯資訊，連結物件
     1>PocoFoundationmdd.lib(pcre_exec.obj) : warning LNK4099: 找不到 PDB 'pocofoundationmdd.pdb' (有 'PocoFoundationmdd.lib(pcre_exec.obj)' 或位於 'G:\NEW VS\of_v0.8.4_vs_release\examples\math\particlesExample1\bin\pocofoundationmdd.pdb')，當做沒有偵錯資訊，連結物件
     1>PocoFoundationmdd.lib(pcre_fullinfo.obj) : warning LNK4099: 找不到 PDB 'pocofoundationmdd.pdb' (有 'PocoFoundationmdd.lib(pcre_fullinfo.obj)' 或位於 'G:\NEW VS\of_v0.8.4_vs_release\examples\math\particlesExample1\bin\pocofoundationmdd.pdb')，當做沒有偵錯資訊，連結物件
     1>PocoFoundationmdd.lib(pcre_globals.obj) : warning LNK4099: 找不到 PDB 'pocofoundationmdd.pdb' (有 'PocoFoundationmdd.lib(pcre_globals.obj)' 或位於 'G:\NEW VS\of_v0.8.4_vs_release\examples\math\particlesExample1\bin\pocofoundationmdd.pdb')，當做沒有偵錯資訊，連結物件
     1>PocoFoundationmdd.lib(pcre_newline.obj) : warning LNK4099: 找不到 PDB 'pocofoundationmdd.pdb' (有 'PocoFoundationmdd.lib(pcre_newline.obj)' 或位於 'G:\NEW VS\of_v0.8.4_vs_release\examples\math\particlesExample1\bin\pocofoundationmdd.pdb')，當做沒有偵錯資訊，連結物件
     1>PocoFoundationmdd.lib(pcre_ord2utf8.obj) : warning LNK4099: 找不到 PDB 'pocofoundationmdd.pdb' (有 'PocoFoundationmdd.lib(pcre_ord2utf8.obj)' 或位於 'G:\NEW VS\of_v0.8.4_vs_release\examples\math\particlesExample1\bin\pocofoundationmdd.pdb')，當做沒有偵錯資訊，連結物件
     1>PocoFoundationmdd.lib(pcre_study.obj) : warning LNK4099: 找不到 PDB 'pocofoundationmdd.pdb' (有 'PocoFoundationmdd.lib(pcre_study.obj)' 或位於 'G:\NEW VS\of_v0.8.4_vs_release\examples\math\particlesExample1\bin\pocofoundationmdd.pdb')，當做沒有偵錯資訊，連結物件
     1>PocoFoundationmdd.lib(pcre_tables.obj) : warning LNK4099: 找不到 PDB 'pocofoundationmdd.pdb' (有 'PocoFoundationmdd.lib(pcre_tables.obj)' 或位於 'G:\NEW VS\of_v0.8.4_vs_release\examples\math\particlesExample1\bin\pocofoundationmdd.pdb')，當做沒有偵錯資訊，連結物件
     1>PocoFoundationmdd.lib(pcre_try_flipped.obj) : warning LNK4099: 找不到 PDB 'pocofoundationmdd.pdb' (有 'PocoFoundationmdd.lib(pcre_try_flipped.obj)' 或位於 'G:\NEW VS\of_v0.8.4_vs_release\examples\math\particlesExample1\bin\pocofoundationmdd.pdb')，當做沒有偵錯資訊，連結物件
     1>PocoFoundationmdd.lib(pcre_ucd.obj) : warning LNK4099: 找不到 PDB 'pocofoundationmdd.pdb' (有 'PocoFoundationmdd.lib(pcre_ucd.obj)' 或位於 'G:\NEW VS\of_v0.8.4_vs_release\examples\math\particlesExample1\bin\pocofoundationmdd.pdb')，當做沒有偵錯資訊，連結物件
     1>PocoFoundationmdd.lib(pcre_valid_utf8.obj) : warning LNK4099: 找不到 PDB 'pocofoundationmdd.pdb' (有 'PocoFoundationmdd.lib(pcre_valid_utf8.obj)' 或位於 'G:\NEW VS\of_v0.8.4_vs_release\examples\math\particlesExample1\bin\pocofoundationmdd.pdb')，當做沒有偵錯資訊，連結物件
     1>PocoFoundationmdd.lib(pcre_xclass.obj) : warning LNK4099: 找不到 PDB 'pocofoundationmdd.pdb' (有 'PocoFoundationmdd.lib(pcre_xclass.obj)' 或位於 'G:\NEW VS\of_v0.8.4_vs_release\examples\math\particlesExample1\bin\pocofoundationmdd.pdb')，當做沒有偵錯資訊，連結物件
     1>PocoFoundationmdd.lib(ArchiveStrategy.obj) : warning LNK4099: 找不到 PDB 'pocofoundationmdd.pdb' (有 'PocoFoundationmdd.lib(ArchiveStrategy.obj)' 或位於 'G:\NEW VS\of_v0.8.4_vs_release\examples\math\particlesExample1\bin\pocofoundationmdd.pdb')，當做沒有偵錯資訊，連結物件
     1>PocoFoundationmdd.lib(AsyncChannel.obj) : warning LNK4099: 找不到 PDB 'pocofoundationmdd.pdb' (有 'PocoFoundationmdd.lib(AsyncChannel.obj)' 或位於 'G:\NEW VS\of_v0.8.4_vs_release\examples\math\particlesExample1\bin\pocofoundationmdd.pdb')，當做沒有偵錯資訊，連結物件
     1>PocoFoundationmdd.lib(Channel.obj) : warning LNK4099: 找不到 PDB 'pocofoundationmdd.pdb' (有 'PocoFoundationmdd.lib(Channel.obj)' 或位於 'G:\NEW VS\of_v0.8.4_vs_release\examples\math\particlesExample1\bin\pocofoundationmdd.pdb')，當做沒有偵錯資訊，連結物件
     1>PocoFoundationmdd.lib(Configurable.obj) : warning LNK4099: 找不到 PDB 'pocofoundationmdd.pdb' (有 'PocoFoundationmdd.lib(Configurable.obj)' 或位於 'G:\NEW VS\of_v0.8.4_vs_release\examples\math\particlesExample1\bin\pocofoundationmdd.pdb')，當做沒有偵錯資訊，連結物件
     1>PocoFoundationmdd.lib(ConsoleChannel.obj) : warning LNK4099: 找不到 PDB 'pocofoundationmdd.pdb' (有 'PocoFoundationmdd.lib(ConsoleChannel.obj)' 或位於 'G:\NEW VS\of_v0.8.4_vs_release\examples\math\particlesExample1\bin\pocofoundationmdd.pdb')，當做沒有偵錯資訊，連結物件
     1>PocoFoundationmdd.lib(EventLogChannel.obj) : warning LNK4099: 找不到 PDB 'pocofoundationmdd.pdb' (有 'PocoFoundationmdd.lib(EventLogChannel.obj)' 或位於 'G:\NEW VS\of_v0.8.4_vs_release\examples\math\particlesExample1\bin\pocofoundationmdd.pdb')，當做沒有偵錯資訊，連結物件
     1>PocoFoundationmdd.lib(FileChannel.obj) : warning LNK4099: 找不到 PDB 'pocofoundationmdd.pdb' (有 'PocoFoundationmdd.lib(FileChannel.obj)' 或位於 'G:\NEW VS\of_v0.8.4_vs_release\examples\math\particlesExample1\bin\pocofoundationmdd.pdb')，當做沒有偵錯資訊，連結物件
     1>PocoFoundationmdd.lib(Formatter.obj) : warning LNK4099: 找不到 PDB 'pocofoundationmdd.pdb' (有 'PocoFoundationmdd.lib(Formatter.obj)' 或位於 'G:\NEW VS\of_v0.8.4_vs_release\examples\math\particlesExample1\bin\pocofoundationmdd.pdb')，當做沒有偵錯資訊，連結物件
     1>PocoFoundationmdd.lib(FormattingChannel.obj) : warning LNK4099: 找不到 PDB 'pocofoundationmdd.pdb' (有 'PocoFoundationmdd.lib(FormattingChannel.obj)' 或位於 'G:\NEW VS\of_v0.8.4_vs_release\examples\math\particlesExample1\bin\pocofoundationmdd.pdb')，當做沒有偵錯資訊，連結物件
     1>PocoFoundationmdd.lib(LogFile.obj) : warning LNK4099: 找不到 PDB 'pocofoundationmdd.pdb' (有 'PocoFoundationmdd.lib(LogFile.obj)' 或位於 'G:\NEW VS\of_v0.8.4_vs_release\examples\math\particlesExample1\bin\pocofoundationmdd.pdb')，當做沒有偵錯資訊，連結物件
     1>PocoFoundationmdd.lib(Logger.obj) : warning LNK4099: 找不到 PDB 'pocofoundationmdd.pdb' (有 'PocoFoundationmdd.lib(Logger.obj)' 或位於 'G:\NEW VS\of_v0.8.4_vs_release\examples\math\particlesExample1\bin\pocofoundationmdd.pdb')，當做沒有偵錯資訊，連結物件
     1>PocoFoundationmdd.lib(LoggingFactory.obj) : warning LNK4099: 找不到 PDB 'pocofoundationmdd.pdb' (有 'PocoFoundationmdd.lib(LoggingFactory.obj)' 或位於 'G:\NEW VS\of_v0.8.4_vs_release\examples\math\particlesExample1\bin\pocofoundationmdd.pdb')，當做沒有偵錯資訊，連結物件
     1>PocoFoundationmdd.lib(LoggingRegistry.obj) : warning LNK4099: 找不到 PDB 'pocofoundationmdd.pdb' (有 'PocoFoundationmdd.lib(LoggingRegistry.obj)' 或位於 'G:\NEW VS\of_v0.8.4_vs_release\examples\math\particlesExample1\bin\pocofoundationmdd.pdb')，當做沒有偵錯資訊，連結物件
     1>PocoFoundationmdd.lib(Message.obj) : warning LNK4099: 找不到 PDB 'pocofoundationmdd.pdb' (有 'PocoFoundationmdd.lib(Message.obj)' 或位於 'G:\NEW VS\of_v0.8.4_vs_release\examples\math\particlesExample1\bin\pocofoundationmdd.pdb')，當做沒有偵錯資訊，連結物件
     1>PocoFoundationmdd.lib(NullChannel.obj) : warning LNK4099: 找不到 PDB 'pocofoundationmdd.pdb' (有 'PocoFoundationmdd.lib(NullChannel.obj)' 或位於 'G:\NEW VS\of_v0.8.4_vs_release\examples\math\particlesExample1\bin\pocofoundationmdd.pdb')，當做沒有偵錯資訊，連結物件
     1>PocoFoundationmdd.lib(PatternFormatter.obj) : warning LNK4099: 找不到 PDB 'pocofoundationmdd.pdb' (有 'PocoFoundationmdd.lib(PatternFormatter.obj)' 或位於 'G:\NEW VS\of_v0.8.4_vs_release\examples\math\particlesExample1\bin\pocofoundationmdd.pdb')，當做沒有偵錯資訊，連結物件
     1>PocoFoundationmdd.lib(PurgeStrategy.obj) : warning LNK4099: 找不到 PDB 'pocofoundationmdd.pdb' (有 'PocoFoundationmdd.lib(PurgeStrategy.obj)' 或位於 'G:\NEW VS\of_v0.8.4_vs_release\examples\math\particlesExample1\bin\pocofoundationmdd.pdb')，當做沒有偵錯資訊，連結物件
     1>PocoFoundationmdd.lib(RotateStrategy.obj) : warning LNK4099: 找不到 PDB 'pocofoundationmdd.pdb' (有 'PocoFoundationmdd.lib(RotateStrategy.obj)' 或位於 'G:\NEW VS\of_v0.8.4_vs_release\examples\math\particlesExample1\bin\pocofoundationmdd.pdb')，當做沒有偵錯資訊，連結物件
     1>PocoFoundationmdd.lib(SplitterChannel.obj) : warning LNK4099: 找不到 PDB 'pocofoundationmdd.pdb' (有 'PocoFoundationmdd.lib(SplitterChannel.obj)' 或位於 'G:\NEW VS\of_v0.8.4_vs_release\examples\math\particlesExample1\bin\pocofoundationmdd.pdb')，當做沒有偵錯資訊，連結物件
     1>PocoFoundationmdd.lib(WindowsConsoleChannel.obj) : warning LNK4099: 找不到 PDB 'pocofoundationmdd.pdb' (有 'PocoFoundationmdd.lib(WindowsConsoleChannel.obj)' 或位於 'G:\NEW VS\of_v0.8.4_vs_release\examples\math\particlesExample1\bin\pocofoundationmdd.pdb')，當做沒有偵錯資訊，連結物件
     1>PocoFoundationmdd.lib(Notification.obj) : warning LNK4099: 找不到 PDB 'pocofoundationmdd.pdb' (有 'PocoFoundationmdd.lib(Notification.obj)' 或位於 'G:\NEW VS\of_v0.8.4_vs_release\examples\math\particlesExample1\bin\pocofoundationmdd.pdb')，當做沒有偵錯資訊，連結物件
     1>PocoFoundationmdd.lib(NotificationCenter.obj) : warning LNK4099: 找不到 PDB 'pocofoundationmdd.pdb' (有 'PocoFoundationmdd.lib(NotificationCenter.obj)' 或位於 'G:\NEW VS\of_v0.8.4_vs_release\examples\math\particlesExample1\bin\pocofoundationmdd.pdb')，當做沒有偵錯資訊，連結物件
     1>PocoFoundationmdd.lib(NotificationQueue.obj) : warning LNK4099: 找不到 PDB 'pocofoundationmdd.pdb' (有 'PocoFoundationmdd.lib(NotificationQueue.obj)' 或位於 'G:\NEW VS\of_v0.8.4_vs_release\examples\math\particlesExample1\bin\pocofoundationmdd.pdb')，當做沒有偵錯資訊，連結物件
     1>PocoFoundationmdd.lib(DirectoryIterator.obj) : warning LNK4099: 找不到 PDB 'pocofoundationmdd.pdb' (有 'PocoFoundationmdd.lib(DirectoryIterator.obj)' 或位於 'G:\NEW VS\of_v0.8.4_vs_release\examples\math\particlesExample1\bin\pocofoundationmdd.pdb')，當做沒有偵錯資訊，連結物件
     1>PocoFoundationmdd.lib(File.obj) : warning LNK4099: 找不到 PDB 'pocofoundationmdd.pdb' (有 'PocoFoundationmdd.lib(File.obj)' 或位於 'G:\NEW VS\of_v0.8.4_vs_release\examples\math\particlesExample1\bin\pocofoundationmdd.pdb')，當做沒有偵錯資訊，連結物件
     1>PocoFoundationmdd.lib(Path.obj) : warning LNK4099: 找不到 PDB 'pocofoundationmdd.pdb' (有 'PocoFoundationmdd.lib(Path.obj)' 或位於 'G:\NEW VS\of_v0.8.4_vs_release\examples\math\particlesExample1\bin\pocofoundationmdd.pdb')，當做沒有偵錯資訊，連結物件
     1>PocoFoundationmdd.lib(NamedEvent.obj) : warning LNK4099: 找不到 PDB 'pocofoundationmdd.pdb' (有 'PocoFoundationmdd.lib(NamedEvent.obj)' 或位於 'G:\NEW VS\of_v0.8.4_vs_release\examples\math\particlesExample1\bin\pocofoundationmdd.pdb')，當做沒有偵錯資訊，連結物件
     1>PocoFoundationmdd.lib(Pipe.obj) : warning LNK4099: 找不到 PDB 'pocofoundationmdd.pdb' (有 'PocoFoundationmdd.lib(Pipe.obj)' 或位於 'G:\NEW VS\of_v0.8.4_vs_release\examples\math\particlesExample1\bin\pocofoundationmdd.pdb')，當做沒有偵錯資訊，連結物件
     1>PocoFoundationmdd.lib(PipeImpl.obj) : warning LNK4099: 找不到 PDB 'pocofoundationmdd.pdb' (有 'PocoFoundationmdd.lib(PipeImpl.obj)' 或位於 'G:\NEW VS\of_v0.8.4_vs_release\examples\math\particlesExample1\bin\pocofoundationmdd.pdb')，當做沒有偵錯資訊，連結物件
     1>PocoFoundationmdd.lib(Process.obj) : warning LNK4099: 找不到 PDB 'pocofoundationmdd.pdb' (有 'PocoFoundationmdd.lib(Process.obj)' 或位於 'G:\NEW VS\of_v0.8.4_vs_release\examples\math\particlesExample1\bin\pocofoundationmdd.pdb')，當做沒有偵錯資訊，連結物件
     1>PocoFoundationmdd.lib(DateTime.obj) : warning LNK4099: 找不到 PDB 'pocofoundationmdd.pdb' (有 'PocoFoundationmdd.lib(DateTime.obj)' 或位於 'G:\NEW VS\of_v0.8.4_vs_release\examples\math\particlesExample1\bin\pocofoundationmdd.pdb')，當做沒有偵錯資訊，連結物件
     1>PocoFoundationmdd.lib(DateTimeFormat.obj) : warning LNK4099: 找不到 PDB 'pocofoundationmdd.pdb' (有 'PocoFoundationmdd.lib(DateTimeFormat.obj)' 或位於 'G:\NEW VS\of_v0.8.4_vs_release\examples\math\particlesExample1\bin\pocofoundationmdd.pdb')，當做沒有偵錯資訊，連結物件
     1>PocoFoundationmdd.lib(DateTimeFormatter.obj) : warning LNK4099: 找不到 PDB 'pocofoundationmdd.pdb' (有 'PocoFoundationmdd.lib(DateTimeFormatter.obj)' 或位於 'G:\NEW VS\of_v0.8.4_vs_release\examples\math\particlesExample1\bin\pocofoundationmdd.pdb')，當做沒有偵錯資訊，連結物件
     1>PocoFoundationmdd.lib(DateTimeParser.obj) : warning LNK4099: 找不到 PDB 'pocofoundationmdd.pdb' (有 'PocoFoundationmdd.lib(DateTimeParser.obj)' 或位於 'G:\NEW VS\of_v0.8.4_vs_release\examples\math\particlesExample1\bin\pocofoundationmdd.pdb')，當做沒有偵錯資訊，連結物件
     1>PocoFoundationmdd.lib(LocalDateTime.obj) : warning LNK4099: 找不到 PDB 'pocofoundationmdd.pdb' (有 'PocoFoundationmdd.lib(LocalDateTime.obj)' 或位於 'G:\NEW VS\of_v0.8.4_vs_release\examples\math\particlesExample1\bin\pocofoundationmdd.pdb')，當做沒有偵錯資訊，連結物件
     1>PocoFoundationmdd.lib(Timespan.obj) : warning LNK4099: 找不到 PDB 'pocofoundationmdd.pdb' (有 'PocoFoundationmdd.lib(Timespan.obj)' 或位於 'G:\NEW VS\of_v0.8.4_vs_release\examples\math\particlesExample1\bin\pocofoundationmdd.pdb')，當做沒有偵錯資訊，連結物件
     1>PocoFoundationmdd.lib(Timestamp.obj) : warning LNK4099: 找不到 PDB 'pocofoundationmdd.pdb' (有 'PocoFoundationmdd.lib(Timestamp.obj)' 或位於 'G:\NEW VS\of_v0.8.4_vs_release\examples\math\particlesExample1\bin\pocofoundationmdd.pdb')，當做沒有偵錯資訊，連結物件
     1>PocoFoundationmdd.lib(Timezone.obj) : warning LNK4099: 找不到 PDB 'pocofoundationmdd.pdb' (有 'PocoFoundationmdd.lib(Timezone.obj)' 或位於 'G:\NEW VS\of_v0.8.4_vs_release\examples\math\particlesExample1\bin\pocofoundationmdd.pdb')，當做沒有偵錯資訊，連結物件
     1>PocoFoundationmdd.lib(ASCIIEncoding.obj) : warning LNK4099: 找不到 PDB 'pocofoundationmdd.pdb' (有 'PocoFoundationmdd.lib(ASCIIEncoding.obj)' 或位於 'G:\NEW VS\of_v0.8.4_vs_release\examples\math\particlesExample1\bin\pocofoundationmdd.pdb')，當做沒有偵錯資訊，連結物件
     1>PocoFoundationmdd.lib(Latin1Encoding.obj) : warning LNK4099: 找不到 PDB 'pocofoundationmdd.pdb' (有 'PocoFoundationmdd.lib(Latin1Encoding.obj)' 或位於 'G:\NEW VS\of_v0.8.4_vs_release\examples\math\particlesExample1\bin\pocofoundationmdd.pdb')，當做沒有偵錯資訊，連結物件
     1>PocoFoundationmdd.lib(Latin9Encoding.obj) : warning LNK4099: 找不到 PDB 'pocofoundationmdd.pdb' (有 'PocoFoundationmdd.lib(Latin9Encoding.obj)' 或位於 'G:\NEW VS\of_v0.8.4_vs_release\examples\math\particlesExample1\bin\pocofoundationmdd.pdb')，當做沒有偵錯資訊，連結物件
     1>PocoFoundationmdd.lib(StreamConverter.obj) : warning LNK4099: 找不到 PDB 'pocofoundationmdd.pdb' (有 'PocoFoundationmdd.lib(StreamConverter.obj)' 或位於 'G:\NEW VS\of_v0.8.4_vs_release\examples\math\particlesExample1\bin\pocofoundationmdd.pdb')，當做沒有偵錯資訊，連結物件
     1>PocoFoundationmdd.lib(TextConverter.obj) : warning LNK4099: 找不到 PDB 'pocofoundationmdd.pdb' (有 'PocoFoundationmdd.lib(TextConverter.obj)' 或位於 'G:\NEW VS\of_v0.8.4_vs_release\examples\math\particlesExample1\bin\pocofoundationmdd.pdb')，當做沒有偵錯資訊，連結物件
     1>PocoFoundationmdd.lib(TextEncoding.obj) : warning LNK4099: 找不到 PDB 'pocofoundationmdd.pdb' (有 'PocoFoundationmdd.lib(TextEncoding.obj)' 或位於 'G:\NEW VS\of_v0.8.4_vs_release\examples\math\particlesExample1\bin\pocofoundationmdd.pdb')，當做沒有偵錯資訊，連結物件
     1>PocoFoundationmdd.lib(TextIterator.obj) : warning LNK4099: 找不到 PDB 'pocofoundationmdd.pdb' (有 'PocoFoundationmdd.lib(TextIterator.obj)' 或位於 'G:\NEW VS\of_v0.8.4_vs_release\examples\math\particlesExample1\bin\pocofoundationmdd.pdb')，當做沒有偵錯資訊，連結物件
     1>PocoFoundationmdd.lib(UnicodeConverter.obj) : warning LNK4099: 找不到 PDB 'pocofoundationmdd.pdb' (有 'PocoFoundationmdd.lib(UnicodeConverter.obj)' 或位於 'G:\NEW VS\of_v0.8.4_vs_release\examples\math\particlesExample1\bin\pocofoundationmdd.pdb')，當做沒有偵錯資訊，連結物件
     1>PocoFoundationmdd.lib(UTF16Encoding.obj) : warning LNK4099: 找不到 PDB 'pocofoundationmdd.pdb' (有 'PocoFoundationmdd.lib(UTF16Encoding.obj)' 或位於 'G:\NEW VS\of_v0.8.4_vs_release\examples\math\particlesExample1\bin\pocofoundationmdd.pdb')，當做沒有偵錯資訊，連結物件
     1>PocoFoundationmdd.lib(UTF8Encoding.obj) : warning LNK4099: 找不到 PDB 'pocofoundationmdd.pdb' (有 'PocoFoundationmdd.lib(UTF8Encoding.obj)' 或位於 'G:\NEW VS\of_v0.8.4_vs_release\examples\math\particlesExample1\bin\pocofoundationmdd.pdb')，當做沒有偵錯資訊，連結物件
     1>PocoFoundationmdd.lib(Windows1252Encoding.obj) : warning LNK4099: 找不到 PDB 'pocofoundationmdd.pdb' (有 'PocoFoundationmdd.lib(Windows1252Encoding.obj)' 或位於 'G:\NEW VS\of_v0.8.4_vs_release\examples\math\particlesExample1\bin\pocofoundationmdd.pdb')，當做沒有偵錯資訊，連結物件
     1>PocoFoundationmdd.lib(FileStreamFactory.obj) : warning LNK4099: 找不到 PDB 'pocofoundationmdd.pdb' (有 'PocoFoundationmdd.lib(FileStreamFactory.obj)' 或位於 'G:\NEW VS\of_v0.8.4_vs_release\examples\math\particlesExample1\bin\pocofoundationmdd.pdb')，當做沒有偵錯資訊，連結物件
     1>PocoFoundationmdd.lib(URI.obj) : warning LNK4099: 找不到 PDB 'pocofoundationmdd.pdb' (有 'PocoFoundationmdd.lib(URI.obj)' 或位於 'G:\NEW VS\of_v0.8.4_vs_release\examples\math\particlesExample1\bin\pocofoundationmdd.pdb')，當做沒有偵錯資訊，連結物件
     1>PocoFoundationmdd.lib(URIStreamFactory.obj) : warning LNK4099: 找不到 PDB 'pocofoundationmdd.pdb' (有 'PocoFoundationmdd.lib(URIStreamFactory.obj)' 或位於 'G:\NEW VS\of_v0.8.4_vs_release\examples\math\particlesExample1\bin\pocofoundationmdd.pdb')，當做沒有偵錯資訊，連結物件
     1>PocoFoundationmdd.lib(URIStreamOpener.obj) : warning LNK4099: 找不到 PDB 'pocofoundationmdd.pdb' (有 'PocoFoundationmdd.lib(URIStreamOpener.obj)' 或位於 'G:\NEW VS\of_v0.8.4_vs_release\examples\math\particlesExample1\bin\pocofoundationmdd.pdb')，當做沒有偵錯資訊，連結物件
     1>PocoNetmdd.lib(DNS.obj) : warning LNK4099: 找不到 PDB 'poconetmdd.pdb' (有 'PocoNetmdd.lib(DNS.obj)' 或位於 'G:\NEW VS\of_v0.8.4_vs_release\examples\math\particlesExample1\bin\poconetmdd.pdb')，當做沒有偵錯資訊，連結物件
     1>PocoNetmdd.lib(HostEntry.obj) : warning LNK4099: 找不到 PDB 'poconetmdd.pdb' (有 'PocoNetmdd.lib(HostEntry.obj)' 或位於 'G:\NEW VS\of_v0.8.4_vs_release\examples\math\particlesExample1\bin\poconetmdd.pdb')，當做沒有偵錯資訊，連結物件
     1>PocoNetmdd.lib(IPAddress.obj) : warning LNK4099: 找不到 PDB 'poconetmdd.pdb' (有 'PocoNetmdd.lib(IPAddress.obj)' 或位於 'G:\NEW VS\of_v0.8.4_vs_release\examples\math\particlesExample1\bin\poconetmdd.pdb')，當做沒有偵錯資訊，連結物件
     1>PocoNetmdd.lib(NetException.obj) : warning LNK4099: 找不到 PDB 'poconetmdd.pdb' (有 'PocoNetmdd.lib(NetException.obj)' 或位於 'G:\NEW VS\of_v0.8.4_vs_release\examples\math\particlesExample1\bin\poconetmdd.pdb')，當做沒有偵錯資訊，連結物件
     1>PocoNetmdd.lib(SocketAddress.obj) : warning LNK4099: 找不到 PDB 'poconetmdd.pdb' (有 'PocoNetmdd.lib(SocketAddress.obj)' 或位於 'G:\NEW VS\of_v0.8.4_vs_release\examples\math\particlesExample1\bin\poconetmdd.pdb')，當做沒有偵錯資訊，連結物件
     1>PocoNetmdd.lib(Socket.obj) : warning LNK4099: 找不到 PDB 'poconetmdd.pdb' (有 'PocoNetmdd.lib(Socket.obj)' 或位於 'G:\NEW VS\of_v0.8.4_vs_release\examples\math\particlesExample1\bin\poconetmdd.pdb')，當做沒有偵錯資訊，連結物件
     1>PocoNetmdd.lib(SocketImpl.obj) : warning LNK4099: 找不到 PDB 'poconetmdd.pdb' (有 'PocoNetmdd.lib(SocketImpl.obj)' 或位於 'G:\NEW VS\of_v0.8.4_vs_release\examples\math\particlesExample1\bin\poconetmdd.pdb')，當做沒有偵錯資訊，連結物件
     1>PocoNetmdd.lib(StreamSocket.obj) : warning LNK4099: 找不到 PDB 'poconetmdd.pdb' (有 'PocoNetmdd.lib(StreamSocket.obj)' 或位於 'G:\NEW VS\of_v0.8.4_vs_release\examples\math\particlesExample1\bin\poconetmdd.pdb')，當做沒有偵錯資訊，連結物件
     1>PocoNetmdd.lib(StreamSocketImpl.obj) : warning LNK4099: 找不到 PDB 'poconetmdd.pdb' (有 'PocoNetmdd.lib(StreamSocketImpl.obj)' 或位於 'G:\NEW VS\of_v0.8.4_vs_release\examples\math\particlesExample1\bin\poconetmdd.pdb')，當做沒有偵錯資訊，連結物件
     1>PocoNetmdd.lib(MediaType.obj) : warning LNK4099: 找不到 PDB 'poconetmdd.pdb' (有 'PocoNetmdd.lib(MediaType.obj)' 或位於 'G:\NEW VS\of_v0.8.4_vs_release\examples\math\particlesExample1\bin\poconetmdd.pdb')，當做沒有偵錯資訊，連結物件
     1>PocoNetmdd.lib(MessageHeader.obj) : warning LNK4099: 找不到 PDB 'poconetmdd.pdb' (有 'PocoNetmdd.lib(MessageHeader.obj)' 或位於 'G:\NEW VS\of_v0.8.4_vs_release\examples\math\particlesExample1\bin\poconetmdd.pdb')，當做沒有偵錯資訊，連結物件
     1>PocoNetmdd.lib(NameValueCollection.obj) : warning LNK4099: 找不到 PDB 'poconetmdd.pdb' (有 'PocoNetmdd.lib(NameValueCollection.obj)' 或位於 'G:\NEW VS\of_v0.8.4_vs_release\examples\math\particlesExample1\bin\poconetmdd.pdb')，當做沒有偵錯資訊，連結物件
     1>PocoNetmdd.lib(HTTPAuthenticationParams.obj) : warning LNK4099: 找不到 PDB 'poconetmdd.pdb' (有 'PocoNetmdd.lib(HTTPAuthenticationParams.obj)' 或位於 'G:\NEW VS\of_v0.8.4_vs_release\examples\math\particlesExample1\bin\poconetmdd.pdb')，當做沒有偵錯資訊，連結物件
     1>PocoNetmdd.lib(HTTPBasicCredentials.obj) : warning LNK4099: 找不到 PDB 'poconetmdd.pdb' (有 'PocoNetmdd.lib(HTTPBasicCredentials.obj)' 或位於 'G:\NEW VS\of_v0.8.4_vs_release\examples\math\particlesExample1\bin\poconetmdd.pdb')，當做沒有偵錯資訊，連結物件
     1>PocoNetmdd.lib(HTTPBufferAllocator.obj) : warning LNK4099: 找不到 PDB 'poconetmdd.pdb' (有 'PocoNetmdd.lib(HTTPBufferAllocator.obj)' 或位於 'G:\NEW VS\of_v0.8.4_vs_release\examples\math\particlesExample1\bin\poconetmdd.pdb')，當做沒有偵錯資訊，連結物件
     1>PocoNetmdd.lib(HTTPChunkedStream.obj) : warning LNK4099: 找不到 PDB 'poconetmdd.pdb' (有 'PocoNetmdd.lib(HTTPChunkedStream.obj)' 或位於 'G:\NEW VS\of_v0.8.4_vs_release\examples\math\particlesExample1\bin\poconetmdd.pdb')，當做沒有偵錯資訊，連結物件
     1>PocoNetmdd.lib(HTTPCookie.obj) : warning LNK4099: 找不到 PDB 'poconetmdd.pdb' (有 'PocoNetmdd.lib(HTTPCookie.obj)' 或位於 'G:\NEW VS\of_v0.8.4_vs_release\examples\math\particlesExample1\bin\poconetmdd.pdb')，當做沒有偵錯資訊，連結物件
     1>PocoNetmdd.lib(HTTPCredentials.obj) : warning LNK4099: 找不到 PDB 'poconetmdd.pdb' (有 'PocoNetmdd.lib(HTTPCredentials.obj)' 或位於 'G:\NEW VS\of_v0.8.4_vs_release\examples\math\particlesExample1\bin\poconetmdd.pdb')，當做沒有偵錯資訊，連結物件
     1>PocoNetmdd.lib(HTTPDigestCredentials.obj) : warning LNK4099: 找不到 PDB 'poconetmdd.pdb' (有 'PocoNetmdd.lib(HTTPDigestCredentials.obj)' 或位於 'G:\NEW VS\of_v0.8.4_vs_release\examples\math\particlesExample1\bin\poconetmdd.pdb')，當做沒有偵錯資訊，連結物件
     1>PocoNetmdd.lib(HTTPFixedLengthStream.obj) : warning LNK4099: 找不到 PDB 'poconetmdd.pdb' (有 'PocoNetmdd.lib(HTTPFixedLengthStream.obj)' 或位於 'G:\NEW VS\of_v0.8.4_vs_release\examples\math\particlesExample1\bin\poconetmdd.pdb')，當做沒有偵錯資訊，連結物件
     1>PocoNetmdd.lib(HTTPHeaderStream.obj) : warning LNK4099: 找不到 PDB 'poconetmdd.pdb' (有 'PocoNetmdd.lib(HTTPHeaderStream.obj)' 或位於 'G:\NEW VS\of_v0.8.4_vs_release\examples\math\particlesExample1\bin\poconetmdd.pdb')，當做沒有偵錯資訊，連結物件
     1>PocoNetmdd.lib(HTTPMessage.obj) : warning LNK4099: 找不到 PDB 'poconetmdd.pdb' (有 'PocoNetmdd.lib(HTTPMessage.obj)' 或位於 'G:\NEW VS\of_v0.8.4_vs_release\examples\math\particlesExample1\bin\poconetmdd.pdb')，當做沒有偵錯資訊，連結物件
     1>PocoNetmdd.lib(HTTPRequest.obj) : warning LNK4099: 找不到 PDB 'poconetmdd.pdb' (有 'PocoNetmdd.lib(HTTPRequest.obj)' 或位於 'G:\NEW VS\of_v0.8.4_vs_release\examples\math\particlesExample1\bin\poconetmdd.pdb')，當做沒有偵錯資訊，連結物件
     1>PocoNetmdd.lib(HTTPResponse.obj) : warning LNK4099: 找不到 PDB 'poconetmdd.pdb' (有 'PocoNetmdd.lib(HTTPResponse.obj)' 或位於 'G:\NEW VS\of_v0.8.4_vs_release\examples\math\particlesExample1\bin\poconetmdd.pdb')，當做沒有偵錯資訊，連結物件
     1>PocoNetmdd.lib(HTTPSession.obj) : warning LNK4099: 找不到 PDB 'poconetmdd.pdb' (有 'PocoNetmdd.lib(HTTPSession.obj)' 或位於 'G:\NEW VS\of_v0.8.4_vs_release\examples\math\particlesExample1\bin\poconetmdd.pdb')，當做沒有偵錯資訊，連結物件
     1>PocoNetmdd.lib(HTTPStream.obj) : warning LNK4099: 找不到 PDB 'poconetmdd.pdb' (有 'PocoNetmdd.lib(HTTPStream.obj)' 或位於 'G:\NEW VS\of_v0.8.4_vs_release\examples\math\particlesExample1\bin\poconetmdd.pdb')，當做沒有偵錯資訊，連結物件
     1>PocoNetmdd.lib(HTTPClientSession.obj) : warning LNK4099: 找不到 PDB 'poconetmdd.pdb' (有 'PocoNetmdd.lib(HTTPClientSession.obj)' 或位於 'G:\NEW VS\of_v0.8.4_vs_release\examples\math\particlesExample1\bin\poconetmdd.pdb')，當做沒有偵錯資訊，連結物件
     1>PocoNetmdd.lib(HTTPIOStream.obj) : warning LNK4099: 找不到 PDB 'poconetmdd.pdb' (有 'PocoNetmdd.lib(HTTPIOStream.obj)' 或位於 'G:\NEW VS\of_v0.8.4_vs_release\examples\math\particlesExample1\bin\poconetmdd.pdb')，當做沒有偵錯資訊，連結物件
     1>PocoNetmdd.lib(HTTPStreamFactory.obj) : warning LNK4099: 找不到 PDB 'poconetmdd.pdb' (有 'PocoNetmdd.lib(HTTPStreamFactory.obj)' 或位於 'G:\NEW VS\of_v0.8.4_vs_release\examples\math\particlesExample1\bin\poconetmdd.pdb')，當做沒有偵錯資訊，連結物件
     1>PocoUtilmdd.lib(Application.obj) : warning LNK4099: 找不到 PDB 'pocoutilmdd.pdb' (有 'PocoUtilmdd.lib(Application.obj)' 或位於 'G:\NEW VS\of_v0.8.4_vs_release\examples\math\particlesExample1\bin\pocoutilmdd.pdb')，當做沒有偵錯資訊，連結物件
     1>PocoUtilmdd.lib(LoggingSubsystem.obj) : warning LNK4099: 找不到 PDB 'pocoutilmdd.pdb' (有 'PocoUtilmdd.lib(LoggingSubsystem.obj)' 或位於 'G:\NEW VS\of_v0.8.4_vs_release\examples\math\particlesExample1\bin\pocoutilmdd.pdb')，當做沒有偵錯資訊，連結物件
     1>PocoUtilmdd.lib(Subsystem.obj) : warning LNK4099: 找不到 PDB 'pocoutilmdd.pdb' (有 'PocoUtilmdd.lib(Subsystem.obj)' 或位於 'G:\NEW VS\of_v0.8.4_vs_release\examples\math\particlesExample1\bin\pocoutilmdd.pdb')，當做沒有偵錯資訊，連結物件
     1>PocoUtilmdd.lib(AbstractConfiguration.obj) : warning LNK4099: 找不到 PDB 'pocoutilmdd.pdb' (有 'PocoUtilmdd.lib(AbstractConfiguration.obj)' 或位於 'G:\NEW VS\of_v0.8.4_vs_release\examples\math\particlesExample1\bin\pocoutilmdd.pdb')，當做沒有偵錯資訊，連結物件
     1>PocoUtilmdd.lib(ConfigurationView.obj) : warning LNK4099: 找不到 PDB 'pocoutilmdd.pdb' (有 'PocoUtilmdd.lib(ConfigurationView.obj)' 或位於 'G:\NEW VS\of_v0.8.4_vs_release\examples\math\particlesExample1\bin\pocoutilmdd.pdb')，當做沒有偵錯資訊，連結物件
     1>PocoUtilmdd.lib(IniFileConfiguration.obj) : warning LNK4099: 找不到 PDB 'pocoutilmdd.pdb' (有 'PocoUtilmdd.lib(IniFileConfiguration.obj)' 或位於 'G:\NEW VS\of_v0.8.4_vs_release\examples\math\particlesExample1\bin\pocoutilmdd.pdb')，當做沒有偵錯資訊，連結物件
     1>PocoUtilmdd.lib(LayeredConfiguration.obj) : warning LNK4099: 找不到 PDB 'pocoutilmdd.pdb' (有 'PocoUtilmdd.lib(LayeredConfiguration.obj)' 或位於 'G:\NEW VS\of_v0.8.4_vs_release\examples\math\particlesExample1\bin\pocoutilmdd.pdb')，當做沒有偵錯資訊，連結物件
     1>PocoUtilmdd.lib(LoggingConfigurator.obj) : warning LNK4099: 找不到 PDB 'pocoutilmdd.pdb' (有 'PocoUtilmdd.lib(LoggingConfigurator.obj)' 或位於 'G:\NEW VS\of_v0.8.4_vs_release\examples\math\particlesExample1\bin\pocoutilmdd.pdb')，當做沒有偵錯資訊，連結物件
     1>PocoUtilmdd.lib(MapConfiguration.obj) : warning LNK4099: 找不到 PDB 'pocoutilmdd.pdb' (有 'PocoUtilmdd.lib(MapConfiguration.obj)' 或位於 'G:\NEW VS\of_v0.8.4_vs_release\examples\math\particlesExample1\bin\pocoutilmdd.pdb')，當做沒有偵錯資訊，連結物件
     1>PocoUtilmdd.lib(PropertyFileConfiguration.obj) : warning LNK4099: 找不到 PDB 'pocoutilmdd.pdb' (有 'PocoUtilmdd.lib(PropertyFileConfiguration.obj)' 或位於 'G:\NEW VS\of_v0.8.4_vs_release\examples\math\particlesExample1\bin\pocoutilmdd.pdb')，當做沒有偵錯資訊，連結物件
     1>PocoUtilmdd.lib(SystemConfiguration.obj) : warning LNK4099: 找不到 PDB 'pocoutilmdd.pdb' (有 'PocoUtilmdd.lib(SystemConfiguration.obj)' 或位於 'G:\NEW VS\of_v0.8.4_vs_release\examples\math\particlesExample1\bin\pocoutilmdd.pdb')，當做沒有偵錯資訊，連結物件
     1>PocoUtilmdd.lib(XMLConfiguration.obj) : warning LNK4099: 找不到 PDB 'pocoutilmdd.pdb' (有 'PocoUtilmdd.lib(XMLConfiguration.obj)' 或位於 'G:\NEW VS\of_v0.8.4_vs_release\examples\math\particlesExample1\bin\pocoutilmdd.pdb')，當做沒有偵錯資訊，連結物件
     1>PocoUtilmdd.lib(Option.obj) : warning LNK4099: 找不到 PDB 'pocoutilmdd.pdb' (有 'PocoUtilmdd.lib(Option.obj)' 或位於 'G:\NEW VS\of_v0.8.4_vs_release\examples\math\particlesExample1\bin\pocoutilmdd.pdb')，當做沒有偵錯資訊，連結物件
     1>PocoUtilmdd.lib(OptionException.obj) : warning LNK4099: 找不到 PDB 'pocoutilmdd.pdb' (有 'PocoUtilmdd.lib(OptionException.obj)' 或位於 'G:\NEW VS\of_v0.8.4_vs_release\examples\math\particlesExample1\bin\pocoutilmdd.pdb')，當做沒有偵錯資訊，連結物件
     1>PocoUtilmdd.lib(OptionProcessor.obj) : warning LNK4099: 找不到 PDB 'pocoutilmdd.pdb' (有 'PocoUtilmdd.lib(OptionProcessor.obj)' 或位於 'G:\NEW VS\of_v0.8.4_vs_release\examples\math\particlesExample1\bin\pocoutilmdd.pdb')，當做沒有偵錯資訊，連結物件
     1>PocoUtilmdd.lib(OptionSet.obj) : warning LNK4099: 找不到 PDB 'pocoutilmdd.pdb' (有 'PocoUtilmdd.lib(OptionSet.obj)' 或位於 'G:\NEW VS\of_v0.8.4_vs_release\examples\math\particlesExample1\bin\pocoutilmdd.pdb')，當做沒有偵錯資訊，連結物件
     1>PocoXMLmdd.lib(Name.obj) : warning LNK4099: 找不到 PDB 'pocoxmlmdd.pdb' (有 'PocoXMLmdd.lib(Name.obj)' 或位於 'G:\NEW VS\of_v0.8.4_vs_release\examples\math\particlesExample1\bin\pocoxmlmdd.pdb')，當做沒有偵錯資訊，連結物件
     1>PocoXMLmdd.lib(NamePool.obj) : warning LNK4099: 找不到 PDB 'pocoxmlmdd.pdb' (有 'PocoXMLmdd.lib(NamePool.obj)' 或位於 'G:\NEW VS\of_v0.8.4_vs_release\examples\math\particlesExample1\bin\pocoxmlmdd.pdb')，當做沒有偵錯資訊，連結物件
     1>PocoXMLmdd.lib(NamespaceStrategy.obj) : warning LNK4099: 找不到 PDB 'pocoxmlmdd.pdb' (有 'PocoXMLmdd.lib(NamespaceStrategy.obj)' 或位於 'G:\NEW VS\of_v0.8.4_vs_release\examples\math\particlesExample1\bin\pocoxmlmdd.pdb')，當做沒有偵錯資訊，連結物件
     1>PocoXMLmdd.lib(ParserEngine.obj) : warning LNK4099: 找不到 PDB 'pocoxmlmdd.pdb' (有 'PocoXMLmdd.lib(ParserEngine.obj)' 或位於 'G:\NEW VS\of_v0.8.4_vs_release\examples\math\particlesExample1\bin\pocoxmlmdd.pdb')，當做沒有偵錯資訊，連結物件
     1>PocoXMLmdd.lib(XMLException.obj) : warning LNK4099: 找不到 PDB 'pocoxmlmdd.pdb' (有 'PocoXMLmdd.lib(XMLException.obj)' 或位於 'G:\NEW VS\of_v0.8.4_vs_release\examples\math\particlesExample1\bin\pocoxmlmdd.pdb')，當做沒有偵錯資訊，連結物件
     1>PocoXMLmdd.lib(XMLWriter.obj) : warning LNK4099: 找不到 PDB 'pocoxmlmdd.pdb' (有 'PocoXMLmdd.lib(XMLWriter.obj)' 或位於 'G:\NEW VS\of_v0.8.4_vs_release\examples\math\particlesExample1\bin\pocoxmlmdd.pdb')，當做沒有偵錯資訊，連結物件
     1>PocoXMLmdd.lib(Attributes.obj) : warning LNK4099: 找不到 PDB 'pocoxmlmdd.pdb' (有 'PocoXMLmdd.lib(Attributes.obj)' 或位於 'G:\NEW VS\of_v0.8.4_vs_release\examples\math\particlesExample1\bin\pocoxmlmdd.pdb')，當做沒有偵錯資訊，連結物件
     1>PocoXMLmdd.lib(AttributesImpl.obj) : warning LNK4099: 找不到 PDB 'pocoxmlmdd.pdb' (有 'PocoXMLmdd.lib(AttributesImpl.obj)' 或位於 'G:\NEW VS\of_v0.8.4_vs_release\examples\math\particlesExample1\bin\pocoxmlmdd.pdb')，當做沒有偵錯資訊，連結物件
     1>PocoXMLmdd.lib(ContentHandler.obj) : warning LNK4099: 找不到 PDB 'pocoxmlmdd.pdb' (有 'PocoXMLmdd.lib(ContentHandler.obj)' 或位於 'G:\NEW VS\of_v0.8.4_vs_release\examples\math\particlesExample1\bin\pocoxmlmdd.pdb')，當做沒有偵錯資訊，連結物件
     1>PocoXMLmdd.lib(DTDHandler.obj) : warning LNK4099: 找不到 PDB 'pocoxmlmdd.pdb' (有 'PocoXMLmdd.lib(DTDHandler.obj)' 或位於 'G:\NEW VS\of_v0.8.4_vs_release\examples\math\particlesExample1\bin\pocoxmlmdd.pdb')，當做沒有偵錯資訊，連結物件
     1>PocoXMLmdd.lib(EntityResolver.obj) : warning LNK4099: 找不到 PDB 'pocoxmlmdd.pdb' (有 'PocoXMLmdd.lib(EntityResolver.obj)' 或位於 'G:\NEW VS\of_v0.8.4_vs_release\examples\math\particlesExample1\bin\pocoxmlmdd.pdb')，當做沒有偵錯資訊，連結物件
     1>PocoXMLmdd.lib(EntityResolverImpl.obj) : warning LNK4099: 找不到 PDB 'pocoxmlmdd.pdb' (有 'PocoXMLmdd.lib(EntityResolverImpl.obj)' 或位於 'G:\NEW VS\of_v0.8.4_vs_release\examples\math\particlesExample1\bin\pocoxmlmdd.pdb')，當做沒有偵錯資訊，連結物件
     1>PocoXMLmdd.lib(ErrorHandler.obj) : warning LNK4099: 找不到 PDB 'pocoxmlmdd.pdb' (有 'PocoXMLmdd.lib(ErrorHandler.obj)' 或位於 'G:\NEW VS\of_v0.8.4_vs_release\examples\math\particlesExample1\bin\pocoxmlmdd.pdb')，當做沒有偵錯資訊，連結物件
     1>PocoXMLmdd.lib(InputSource.obj) : warning LNK4099: 找不到 PDB 'pocoxmlmdd.pdb' (有 'PocoXMLmdd.lib(InputSource.obj)' 或位於 'G:\NEW VS\of_v0.8.4_vs_release\examples\math\particlesExample1\bin\pocoxmlmdd.pdb')，當做沒有偵錯資訊，連結物件
     1>PocoXMLmdd.lib(LexicalHandler.obj) : warning LNK4099: 找不到 PDB 'pocoxmlmdd.pdb' (有 'PocoXMLmdd.lib(LexicalHandler.obj)' 或位於 'G:\NEW VS\of_v0.8.4_vs_release\examples\math\particlesExample1\bin\pocoxmlmdd.pdb')，當做沒有偵錯資訊，連結物件
     1>PocoXMLmdd.lib(Locator.obj) : warning LNK4099: 找不到 PDB 'pocoxmlmdd.pdb' (有 'PocoXMLmdd.lib(Locator.obj)' 或位於 'G:\NEW VS\of_v0.8.4_vs_release\examples\math\particlesExample1\bin\pocoxmlmdd.pdb')，當做沒有偵錯資訊，連結物件
     1>PocoXMLmdd.lib(LocatorImpl.obj) : warning LNK4099: 找不到 PDB 'pocoxmlmdd.pdb' (有 'PocoXMLmdd.lib(LocatorImpl.obj)' 或位於 'G:\NEW VS\of_v0.8.4_vs_release\examples\math\particlesExample1\bin\pocoxmlmdd.pdb')，當做沒有偵錯資訊，連結物件
     1>PocoXMLmdd.lib(NamespaceSupport.obj) : warning LNK4099: 找不到 PDB 'pocoxmlmdd.pdb' (有 'PocoXMLmdd.lib(NamespaceSupport.obj)' 或位於 'G:\NEW VS\of_v0.8.4_vs_release\examples\math\particlesExample1\bin\pocoxmlmdd.pdb')，當做沒有偵錯資訊，連結物件
     1>PocoXMLmdd.lib(SAXException.obj) : warning LNK4099: 找不到 PDB 'pocoxmlmdd.pdb' (有 'PocoXMLmdd.lib(SAXException.obj)' 或位於 'G:\NEW VS\of_v0.8.4_vs_release\examples\math\particlesExample1\bin\pocoxmlmdd.pdb')，當做沒有偵錯資訊，連結物件
     1>PocoXMLmdd.lib(SAXParser.obj) : warning LNK4099: 找不到 PDB 'pocoxmlmdd.pdb' (有 'PocoXMLmdd.lib(SAXParser.obj)' 或位於 'G:\NEW VS\of_v0.8.4_vs_release\examples\math\particlesExample1\bin\pocoxmlmdd.pdb')，當做沒有偵錯資訊，連結物件
     1>PocoXMLmdd.lib(WhitespaceFilter.obj) : warning LNK4099: 找不到 PDB 'pocoxmlmdd.pdb' (有 'PocoXMLmdd.lib(WhitespaceFilter.obj)' 或位於 'G:\NEW VS\of_v0.8.4_vs_release\examples\math\particlesExample1\bin\pocoxmlmdd.pdb')，當做沒有偵錯資訊，連結物件
     1>PocoXMLmdd.lib(XMLFilter.obj) : warning LNK4099: 找不到 PDB 'pocoxmlmdd.pdb' (有 'PocoXMLmdd.lib(XMLFilter.obj)' 或位於 'G:\NEW VS\of_v0.8.4_vs_release\examples\math\particlesExample1\bin\pocoxmlmdd.pdb')，當做沒有偵錯資訊，連結物件
     1>PocoXMLmdd.lib(XMLFilterImpl.obj) : warning LNK4099: 找不到 PDB 'pocoxmlmdd.pdb' (有 'PocoXMLmdd.lib(XMLFilterImpl.obj)' 或位於 'G:\NEW VS\of_v0.8.4_vs_release\examples\math\particlesExample1\bin\pocoxmlmdd.pdb')，當做沒有偵錯資訊，連結物件
     1>PocoXMLmdd.lib(XMLReader.obj) : warning LNK4099: 找不到 PDB 'pocoxmlmdd.pdb' (有 'PocoXMLmdd.lib(XMLReader.obj)' 或位於 'G:\NEW VS\of_v0.8.4_vs_release\examples\math\particlesExample1\bin\pocoxmlmdd.pdb')，當做沒有偵錯資訊，連結物件
     1>PocoXMLmdd.lib(AbstractContainerNode.obj) : warning LNK4099: 找不到 PDB 'pocoxmlmdd.pdb' (有 'PocoXMLmdd.lib(AbstractContainerNode.obj)' 或位於 'G:\NEW VS\of_v0.8.4_vs_release\examples\math\particlesExample1\bin\pocoxmlmdd.pdb')，當做沒有偵錯資訊，連結物件
     1>PocoXMLmdd.lib(AbstractNode.obj) : warning LNK4099: 找不到 PDB 'pocoxmlmdd.pdb' (有 'PocoXMLmdd.lib(AbstractNode.obj)' 或位於 'G:\NEW VS\of_v0.8.4_vs_release\examples\math\particlesExample1\bin\pocoxmlmdd.pdb')，當做沒有偵錯資訊，連結物件
     1>PocoXMLmdd.lib(Attr.obj) : warning LNK4099: 找不到 PDB 'pocoxmlmdd.pdb' (有 'PocoXMLmdd.lib(Attr.obj)' 或位於 'G:\NEW VS\of_v0.8.4_vs_release\examples\math\particlesExample1\bin\pocoxmlmdd.pdb')，當做沒有偵錯資訊，連結物件
     1>PocoXMLmdd.lib(AttrMap.obj) : warning LNK4099: 找不到 PDB 'pocoxmlmdd.pdb' (有 'PocoXMLmdd.lib(AttrMap.obj)' 或位於 'G:\NEW VS\of_v0.8.4_vs_release\examples\math\particlesExample1\bin\pocoxmlmdd.pdb')，當做沒有偵錯資訊，連結物件
     1>PocoXMLmdd.lib(CDATASection.obj) : warning LNK4099: 找不到 PDB 'pocoxmlmdd.pdb' (有 'PocoXMLmdd.lib(CDATASection.obj)' 或位於 'G:\NEW VS\of_v0.8.4_vs_release\examples\math\particlesExample1\bin\pocoxmlmdd.pdb')，當做沒有偵錯資訊，連結物件
     1>PocoXMLmdd.lib(CharacterData.obj) : warning LNK4099: 找不到 PDB 'pocoxmlmdd.pdb' (有 'PocoXMLmdd.lib(CharacterData.obj)' 或位於 'G:\NEW VS\of_v0.8.4_vs_release\examples\math\particlesExample1\bin\pocoxmlmdd.pdb')，當做沒有偵錯資訊，連結物件
     1>PocoXMLmdd.lib(ChildNodesList.obj) : warning LNK4099: 找不到 PDB 'pocoxmlmdd.pdb' (有 'PocoXMLmdd.lib(ChildNodesList.obj)' 或位於 'G:\NEW VS\of_v0.8.4_vs_release\examples\math\particlesExample1\bin\pocoxmlmdd.pdb')，當做沒有偵錯資訊，連結物件
     1>PocoXMLmdd.lib(Comment.obj) : warning LNK4099: 找不到 PDB 'pocoxmlmdd.pdb' (有 'PocoXMLmdd.lib(Comment.obj)' 或位於 'G:\NEW VS\of_v0.8.4_vs_release\examples\math\particlesExample1\bin\pocoxmlmdd.pdb')，當做沒有偵錯資訊，連結物件
     1>PocoXMLmdd.lib(Document.obj) : warning LNK4099: 找不到 PDB 'pocoxmlmdd.pdb' (有 'PocoXMLmdd.lib(Document.obj)' 或位於 'G:\NEW VS\of_v0.8.4_vs_release\examples\math\particlesExample1\bin\pocoxmlmdd.pdb')，當做沒有偵錯資訊，連結物件
     1>PocoXMLmdd.lib(DocumentEvent.obj) : warning LNK4099: 找不到 PDB 'pocoxmlmdd.pdb' (有 'PocoXMLmdd.lib(DocumentEvent.obj)' 或位於 'G:\NEW VS\of_v0.8.4_vs_release\examples\math\particlesExample1\bin\pocoxmlmdd.pdb')，當做沒有偵錯資訊，連結物件
     1>PocoXMLmdd.lib(DocumentFragment.obj) : warning LNK4099: 找不到 PDB 'pocoxmlmdd.pdb' (有 'PocoXMLmdd.lib(DocumentFragment.obj)' 或位於 'G:\NEW VS\of_v0.8.4_vs_release\examples\math\particlesExample1\bin\pocoxmlmdd.pdb')，當做沒有偵錯資訊，連結物件
     1>PocoXMLmdd.lib(DocumentType.obj) : warning LNK4099: 找不到 PDB 'pocoxmlmdd.pdb' (有 'PocoXMLmdd.lib(DocumentType.obj)' 或位於 'G:\NEW VS\of_v0.8.4_vs_release\examples\math\particlesExample1\bin\pocoxmlmdd.pdb')，當做沒有偵錯資訊，連結物件
     1>PocoXMLmdd.lib(DOMBuilder.obj) : warning LNK4099: 找不到 PDB 'pocoxmlmdd.pdb' (有 'PocoXMLmdd.lib(DOMBuilder.obj)' 或位於 'G:\NEW VS\of_v0.8.4_vs_release\examples\math\particlesExample1\bin\pocoxmlmdd.pdb')，當做沒有偵錯資訊，連結物件
     1>PocoXMLmdd.lib(DOMException.obj) : warning LNK4099: 找不到 PDB 'pocoxmlmdd.pdb' (有 'PocoXMLmdd.lib(DOMException.obj)' 或位於 'G:\NEW VS\of_v0.8.4_vs_release\examples\math\particlesExample1\bin\pocoxmlmdd.pdb')，當做沒有偵錯資訊，連結物件
     1>PocoXMLmdd.lib(DOMImplementation.obj) : warning LNK4099: 找不到 PDB 'pocoxmlmdd.pdb' (有 'PocoXMLmdd.lib(DOMImplementation.obj)' 或位於 'G:\NEW VS\of_v0.8.4_vs_release\examples\math\particlesExample1\bin\pocoxmlmdd.pdb')，當做沒有偵錯資訊，連結物件
     1>PocoXMLmdd.lib(DOMObject.obj) : warning LNK4099: 找不到 PDB 'pocoxmlmdd.pdb' (有 'PocoXMLmdd.lib(DOMObject.obj)' 或位於 'G:\NEW VS\of_v0.8.4_vs_release\examples\math\particlesExample1\bin\pocoxmlmdd.pdb')，當做沒有偵錯資訊，連結物件
     1>PocoXMLmdd.lib(DOMParser.obj) : warning LNK4099: 找不到 PDB 'pocoxmlmdd.pdb' (有 'PocoXMLmdd.lib(DOMParser.obj)' 或位於 'G:\NEW VS\of_v0.8.4_vs_release\examples\math\particlesExample1\bin\pocoxmlmdd.pdb')，當做沒有偵錯資訊，連結物件
     1>PocoXMLmdd.lib(DOMSerializer.obj) : warning LNK4099: 找不到 PDB 'pocoxmlmdd.pdb' (有 'PocoXMLmdd.lib(DOMSerializer.obj)' 或位於 'G:\NEW VS\of_v0.8.4_vs_release\examples\math\particlesExample1\bin\pocoxmlmdd.pdb')，當做沒有偵錯資訊，連結物件
     1>PocoXMLmdd.lib(DOMWriter.obj) : warning LNK4099: 找不到 PDB 'pocoxmlmdd.pdb' (有 'PocoXMLmdd.lib(DOMWriter.obj)' 或位於 'G:\NEW VS\of_v0.8.4_vs_release\examples\math\particlesExample1\bin\pocoxmlmdd.pdb')，當做沒有偵錯資訊，連結物件
     1>PocoXMLmdd.lib(DTDMap.obj) : warning LNK4099: 找不到 PDB 'pocoxmlmdd.pdb' (有 'PocoXMLmdd.lib(DTDMap.obj)' 或位於 'G:\NEW VS\of_v0.8.4_vs_release\examples\math\particlesExample1\bin\pocoxmlmdd.pdb')，當做沒有偵錯資訊，連結物件
     1>PocoXMLmdd.lib(Element.obj) : warning LNK4099: 找不到 PDB 'pocoxmlmdd.pdb' (有 'PocoXMLmdd.lib(Element.obj)' 或位於 'G:\NEW VS\of_v0.8.4_vs_release\examples\math\particlesExample1\bin\pocoxmlmdd.pdb')，當做沒有偵錯資訊，連結物件
     1>PocoXMLmdd.lib(ElementsByTagNameList.obj) : warning LNK4099: 找不到 PDB 'pocoxmlmdd.pdb' (有 'PocoXMLmdd.lib(ElementsByTagNameList.obj)' 或位於 'G:\NEW VS\of_v0.8.4_vs_release\examples\math\particlesExample1\bin\pocoxmlmdd.pdb')，當做沒有偵錯資訊，連結物件
     1>PocoXMLmdd.lib(Entity.obj) : warning LNK4099: 找不到 PDB 'pocoxmlmdd.pdb' (有 'PocoXMLmdd.lib(Entity.obj)' 或位於 'G:\NEW VS\of_v0.8.4_vs_release\examples\math\particlesExample1\bin\pocoxmlmdd.pdb')，當做沒有偵錯資訊，連結物件
     1>PocoXMLmdd.lib(EntityReference.obj) : warning LNK4099: 找不到 PDB 'pocoxmlmdd.pdb' (有 'PocoXMLmdd.lib(EntityReference.obj)' 或位於 'G:\NEW VS\of_v0.8.4_vs_release\examples\math\particlesExample1\bin\pocoxmlmdd.pdb')，當做沒有偵錯資訊，連結物件
     1>PocoXMLmdd.lib(Event.obj) : warning LNK4099: 找不到 PDB 'pocoxmlmdd.pdb' (有 'PocoXMLmdd.lib(Event.obj)' 或位於 'G:\NEW VS\of_v0.8.4_vs_release\examples\math\particlesExample1\bin\pocoxmlmdd.pdb')，當做沒有偵錯資訊，連結物件
     1>PocoXMLmdd.lib(EventDispatcher.obj) : warning LNK4099: 找不到 PDB 'pocoxmlmdd.pdb' (有 'PocoXMLmdd.lib(EventDispatcher.obj)' 或位於 'G:\NEW VS\of_v0.8.4_vs_release\examples\math\particlesExample1\bin\pocoxmlmdd.pdb')，當做沒有偵錯資訊，連結物件
     1>PocoXMLmdd.lib(EventException.obj) : warning LNK4099: 找不到 PDB 'pocoxmlmdd.pdb' (有 'PocoXMLmdd.lib(EventException.obj)' 或位於 'G:\NEW VS\of_v0.8.4_vs_release\examples\math\particlesExample1\bin\pocoxmlmdd.pdb')，當做沒有偵錯資訊，連結物件
     1>PocoXMLmdd.lib(EventTarget.obj) : warning LNK4099: 找不到 PDB 'pocoxmlmdd.pdb' (有 'PocoXMLmdd.lib(EventTarget.obj)' 或位於 'G:\NEW VS\of_v0.8.4_vs_release\examples\math\particlesExample1\bin\pocoxmlmdd.pdb')，當做沒有偵錯資訊，連結物件
     1>PocoXMLmdd.lib(MutationEvent.obj) : warning LNK4099: 找不到 PDB 'pocoxmlmdd.pdb' (有 'PocoXMLmdd.lib(MutationEvent.obj)' 或位於 'G:\NEW VS\of_v0.8.4_vs_release\examples\math\particlesExample1\bin\pocoxmlmdd.pdb')，當做沒有偵錯資訊，連結物件
     1>PocoXMLmdd.lib(NamedNodeMap.obj) : warning LNK4099: 找不到 PDB 'pocoxmlmdd.pdb' (有 'PocoXMLmdd.lib(NamedNodeMap.obj)' 或位於 'G:\NEW VS\of_v0.8.4_vs_release\examples\math\particlesExample1\bin\pocoxmlmdd.pdb')，當做沒有偵錯資訊，連結物件
     1>PocoXMLmdd.lib(Node.obj) : warning LNK4099: 找不到 PDB 'pocoxmlmdd.pdb' (有 'PocoXMLmdd.lib(Node.obj)' 或位於 'G:\NEW VS\of_v0.8.4_vs_release\examples\math\particlesExample1\bin\pocoxmlmdd.pdb')，當做沒有偵錯資訊，連結物件
     1>PocoXMLmdd.lib(NodeList.obj) : warning LNK4099: 找不到 PDB 'pocoxmlmdd.pdb' (有 'PocoXMLmdd.lib(NodeList.obj)' 或位於 'G:\NEW VS\of_v0.8.4_vs_release\examples\math\particlesExample1\bin\pocoxmlmdd.pdb')，當做沒有偵錯資訊，連結物件
     1>PocoXMLmdd.lib(Notation.obj) : warning LNK4099: 找不到 PDB 'pocoxmlmdd.pdb' (有 'PocoXMLmdd.lib(Notation.obj)' 或位於 'G:\NEW VS\of_v0.8.4_vs_release\examples\math\particlesExample1\bin\pocoxmlmdd.pdb')，當做沒有偵錯資訊，連結物件
     1>PocoXMLmdd.lib(ProcessingInstruction.obj) : warning LNK4099: 找不到 PDB 'pocoxmlmdd.pdb' (有 'PocoXMLmdd.lib(ProcessingInstruction.obj)' 或位於 'G:\NEW VS\of_v0.8.4_vs_release\examples\math\particlesExample1\bin\pocoxmlmdd.pdb')，當做沒有偵錯資訊，連結物件
     1>PocoXMLmdd.lib(Text.obj) : warning LNK4099: 找不到 PDB 'pocoxmlmdd.pdb' (有 'PocoXMLmdd.lib(Text.obj)' 或位於 'G:\NEW VS\of_v0.8.4_vs_release\examples\math\particlesExample1\bin\pocoxmlmdd.pdb')，當做沒有偵錯資訊，連結物件
     1>PocoXMLmdd.lib(xmlparse.obj) : warning LNK4099: 找不到 PDB 'pocoxmlmdd.pdb' (有 'PocoXMLmdd.lib(xmlparse.obj)' 或位於 'G:\NEW VS\of_v0.8.4_vs_release\examples\math\particlesExample1\bin\pocoxmlmdd.pdb')，當做沒有偵錯資訊，連結物件
     1>PocoXMLmdd.lib(xmlrole.obj) : warning LNK4099: 找不到 PDB 'pocoxmlmdd.pdb' (有 'PocoXMLmdd.lib(xmlrole.obj)' 或位於 'G:\NEW VS\of_v0.8.4_vs_release\examples\math\particlesExample1\bin\pocoxmlmdd.pdb')，當做沒有偵錯資訊，連結物件
     1>PocoXMLmdd.lib(xmltok.obj) : warning LNK4099: 找不到 PDB 'pocoxmlmdd.pdb' (有 'PocoXMLmdd.lib(xmltok.obj)' 或位於 'G:\NEW VS\of_v0.8.4_vs_release\examples\math\particlesExample1\bin\pocoxmlmdd.pdb')，當做沒有偵錯資訊，連結物件
     1>tess2.lib(bucketalloc.obj) : warning LNK4099: 找不到 PDB 'vc110.pdb' (有 'tess2.lib(bucketalloc.obj)' 或位於 'G:\NEW VS\of_v0.8.4_vs_release\examples\math\particlesExample1\bin\vc110.pdb')，當做沒有偵錯資訊，連結物件
     1>tess2.lib(dict.obj) : warning LNK4099: 找不到 PDB 'vc110.pdb' (有 'tess2.lib(dict.obj)' 或位於 'G:\NEW VS\of_v0.8.4_vs_release\examples\math\particlesExample1\bin\vc110.pdb')，當做沒有偵錯資訊，連結物件
     1>tess2.lib(geom.obj) : warning LNK4099: 找不到 PDB 'vc110.pdb' (有 'tess2.lib(geom.obj)' 或位於 'G:\NEW VS\of_v0.8.4_vs_release\examples\math\particlesExample1\bin\vc110.pdb')，當做沒有偵錯資訊，連結物件
     1>tess2.lib(mesh.obj) : warning LNK4099: 找不到 PDB 'vc110.pdb' (有 'tess2.lib(mesh.obj)' 或位於 'G:\NEW VS\of_v0.8.4_vs_release\examples\math\particlesExample1\bin\vc110.pdb')，當做沒有偵錯資訊，連結物件
     1>tess2.lib(priorityq.obj) : warning LNK4099: 找不到 PDB 'vc110.pdb' (有 'tess2.lib(priorityq.obj)' 或位於 'G:\NEW VS\of_v0.8.4_vs_release\examples\math\particlesExample1\bin\vc110.pdb')，當做沒有偵錯資訊，連結物件
     1>tess2.lib(sweep.obj) : warning LNK4099: 找不到 PDB 'vc110.pdb' (有 'tess2.lib(sweep.obj)' 或位於 'G:\NEW VS\of_v0.8.4_vs_release\examples\math\particlesExample1\bin\vc110.pdb')，當做沒有偵錯資訊，連結物件
     1>tess2.lib(tess.obj) : warning LNK4099: 找不到 PDB 'vc110.pdb' (有 'tess2.lib(tess.obj)' 或位於 'G:\NEW VS\of_v0.8.4_vs_release\examples\math\particlesExample1\bin\vc110.pdb')，當做沒有偵錯資訊，連結物件
     1>PocoNetSSLmdd.lib(AcceptCertificateHandler.obj) : warning LNK4099: 找不到 PDB 'poconetsslmdd.pdb' (有 'PocoNetSSLmdd.lib(AcceptCertificateHandler.obj)' 或位於 'G:\NEW VS\of_v0.8.4_vs_release\examples\math\particlesExample1\bin\poconetsslmdd.pdb')，當做沒有偵錯資訊，連結物件
     1>PocoNetSSLmdd.lib(CertificateHandlerFactory.obj) : warning LNK4099: 找不到 PDB 'poconetsslmdd.pdb' (有 'PocoNetSSLmdd.lib(CertificateHandlerFactory.obj)' 或位於 'G:\NEW VS\of_v0.8.4_vs_release\examples\math\particlesExample1\bin\poconetsslmdd.pdb')，當做沒有偵錯資訊，連結物件
     1>PocoNetSSLmdd.lib(CertificateHandlerFactoryMgr.obj) : warning LNK4099: 找不到 PDB 'poconetsslmdd.pdb' (有 'PocoNetSSLmdd.lib(CertificateHandlerFactoryMgr.obj)' 或位於 'G:\NEW VS\of_v0.8.4_vs_release\examples\math\particlesExample1\bin\poconetsslmdd.pdb')，當做沒有偵錯資訊，連結物件
     1>PocoNetSSLmdd.lib(ConsoleCertificateHandler.obj) : warning LNK4099: 找不到 PDB 'poconetsslmdd.pdb' (有 'PocoNetSSLmdd.lib(ConsoleCertificateHandler.obj)' 或位於 'G:\NEW VS\of_v0.8.4_vs_release\examples\math\particlesExample1\bin\poconetsslmdd.pdb')，當做沒有偵錯資訊，連結物件
     1>PocoNetSSLmdd.lib(Context.obj) : warning LNK4099: 找不到 PDB 'poconetsslmdd.pdb' (有 'PocoNetSSLmdd.lib(Context.obj)' 或位於 'G:\NEW VS\of_v0.8.4_vs_release\examples\math\particlesExample1\bin\poconetsslmdd.pdb')，當做沒有偵錯資訊，連結物件
     1>PocoNetSSLmdd.lib(InvalidCertificateHandler.obj) : warning LNK4099: 找不到 PDB 'poconetsslmdd.pdb' (有 'PocoNetSSLmdd.lib(InvalidCertificateHandler.obj)' 或位於 'G:\NEW VS\of_v0.8.4_vs_release\examples\math\particlesExample1\bin\poconetsslmdd.pdb')，當做沒有偵錯資訊，連結物件
     1>PocoNetSSLmdd.lib(KeyConsoleHandler.obj) : warning LNK4099: 找不到 PDB 'poconetsslmdd.pdb' (有 'PocoNetSSLmdd.lib(KeyConsoleHandler.obj)' 或位於 'G:\NEW VS\of_v0.8.4_vs_release\examples\math\particlesExample1\bin\poconetsslmdd.pdb')，當做沒有偵錯資訊，連結物件
     1>PocoNetSSLmdd.lib(KeyFileHandler.obj) : warning LNK4099: 找不到 PDB 'poconetsslmdd.pdb' (有 'PocoNetSSLmdd.lib(KeyFileHandler.obj)' 或位於 'G:\NEW VS\of_v0.8.4_vs_release\examples\math\particlesExample1\bin\poconetsslmdd.pdb')，當做沒有偵錯資訊，連結物件
     1>PocoNetSSLmdd.lib(PrivateKeyFactory.obj) : warning LNK4099: 找不到 PDB 'poconetsslmdd.pdb' (有 'PocoNetSSLmdd.lib(PrivateKeyFactory.obj)' 或位於 'G:\NEW VS\of_v0.8.4_vs_release\examples\math\particlesExample1\bin\poconetsslmdd.pdb')，當做沒有偵錯資訊，連結物件
     1>PocoNetSSLmdd.lib(PrivateKeyFactoryMgr.obj) : warning LNK4099: 找不到 PDB 'poconetsslmdd.pdb' (有 'PocoNetSSLmdd.lib(PrivateKeyFactoryMgr.obj)' 或位於 'G:\NEW VS\of_v0.8.4_vs_release\examples\math\particlesExample1\bin\poconetsslmdd.pdb')，當做沒有偵錯資訊，連結物件
     1>PocoNetSSLmdd.lib(PrivateKeyPassphraseHandler.obj) : warning LNK4099: 找不到 PDB 'poconetsslmdd.pdb' (有 'PocoNetSSLmdd.lib(PrivateKeyPassphraseHandler.obj)' 或位於 'G:\NEW VS\of_v0.8.4_vs_release\examples\math\particlesExample1\bin\poconetsslmdd.pdb')，當做沒有偵錯資訊，連結物件
     1>PocoNetSSLmdd.lib(RejectCertificateHandler.obj) : warning LNK4099: 找不到 PDB 'poconetsslmdd.pdb' (有 'PocoNetSSLmdd.lib(RejectCertificateHandler.obj)' 或位於 'G:\NEW VS\of_v0.8.4_vs_release\examples\math\particlesExample1\bin\poconetsslmdd.pdb')，當做沒有偵錯資訊，連結物件
     1>PocoNetSSLmdd.lib(Session.obj) : warning LNK4099: 找不到 PDB 'poconetsslmdd.pdb' (有 'PocoNetSSLmdd.lib(Session.obj)' 或位於 'G:\NEW VS\of_v0.8.4_vs_release\examples\math\particlesExample1\bin\poconetsslmdd.pdb')，當做沒有偵錯資訊，連結物件
     1>PocoNetSSLmdd.lib(SSLException.obj) : warning LNK4099: 找不到 PDB 'poconetsslmdd.pdb' (有 'PocoNetSSLmdd.lib(SSLException.obj)' 或位於 'G:\NEW VS\of_v0.8.4_vs_release\examples\math\particlesExample1\bin\poconetsslmdd.pdb')，當做沒有偵錯資訊，連結物件
     1>PocoNetSSLmdd.lib(SSLManager.obj) : warning LNK4099: 找不到 PDB 'poconetsslmdd.pdb' (有 'PocoNetSSLmdd.lib(SSLManager.obj)' 或位於 'G:\NEW VS\of_v0.8.4_vs_release\examples\math\particlesExample1\bin\poconetsslmdd.pdb')，當做沒有偵錯資訊，連結物件
     1>PocoNetSSLmdd.lib(Utility.obj) : warning LNK4099: 找不到 PDB 'poconetsslmdd.pdb' (有 'PocoNetSSLmdd.lib(Utility.obj)' 或位於 'G:\NEW VS\of_v0.8.4_vs_release\examples\math\particlesExample1\bin\poconetsslmdd.pdb')，當做沒有偵錯資訊，連結物件
     1>PocoNetSSLmdd.lib(VerificationErrorArgs.obj) : warning LNK4099: 找不到 PDB 'poconetsslmdd.pdb' (有 'PocoNetSSLmdd.lib(VerificationErrorArgs.obj)' 或位於 'G:\NEW VS\of_v0.8.4_vs_release\examples\math\particlesExample1\bin\poconetsslmdd.pdb')，當做沒有偵錯資訊，連結物件
     1>PocoNetSSLmdd.lib(X509Certificate.obj) : warning LNK4099: 找不到 PDB 'poconetsslmdd.pdb' (有 'PocoNetSSLmdd.lib(X509Certificate.obj)' 或位於 'G:\NEW VS\of_v0.8.4_vs_release\examples\math\particlesExample1\bin\poconetsslmdd.pdb')，當做沒有偵錯資訊，連結物件
     1>PocoNetSSLmdd.lib(HTTPSClientSession.obj) : warning LNK4099: 找不到 PDB 'poconetsslmdd.pdb' (有 'PocoNetSSLmdd.lib(HTTPSClientSession.obj)' 或位於 'G:\NEW VS\of_v0.8.4_vs_release\examples\math\particlesExample1\bin\poconetsslmdd.pdb')，當做沒有偵錯資訊，連結物件
     1>PocoNetSSLmdd.lib(HTTPSStreamFactory.obj) : warning LNK4099: 找不到 PDB 'poconetsslmdd.pdb' (有 'PocoNetSSLmdd.lib(HTTPSStreamFactory.obj)' 或位於 'G:\NEW VS\of_v0.8.4_vs_release\examples\math\particlesExample1\bin\poconetsslmdd.pdb')，當做沒有偵錯資訊，連結物件
     1>PocoNetSSLmdd.lib(SecureSocketImpl.obj) : warning LNK4099: 找不到 PDB 'poconetsslmdd.pdb' (有 'PocoNetSSLmdd.lib(SecureSocketImpl.obj)' 或位於 'G:\NEW VS\of_v0.8.4_vs_release\examples\math\particlesExample1\bin\poconetsslmdd.pdb')，當做沒有偵錯資訊，連結物件
     1>PocoNetSSLmdd.lib(SecureStreamSocket.obj) : warning LNK4099: 找不到 PDB 'poconetsslmdd.pdb' (有 'PocoNetSSLmdd.lib(SecureStreamSocket.obj)' 或位於 'G:\NEW VS\of_v0.8.4_vs_release\examples\math\particlesExample1\bin\poconetsslmdd.pdb')，當做沒有偵錯資訊，連結物件
     1>PocoNetSSLmdd.lib(SecureStreamSocketImpl.obj) : warning LNK4099: 找不到 PDB 'poconetsslmdd.pdb' (有 'PocoNetSSLmdd.lib(SecureStreamSocketImpl.obj)' 或位於 'G:\NEW VS\of_v0.8.4_vs_release\examples\math\particlesExample1\bin\poconetsslmdd.pdb')，當做沒有偵錯資訊，連結物件
     1>PocoCryptomdd.lib(X509Certificate.obj) : warning LNK4099: 找不到 PDB 'pococryptomdd.pdb' (有 'PocoCryptomdd.lib(X509Certificate.obj)' 或位於 'G:\NEW VS\of_v0.8.4_vs_release\examples\math\particlesExample1\bin\pococryptomdd.pdb')，當做沒有偵錯資訊，連結物件
     1>PocoCryptomdd.lib(OpenSSLInitializer.obj) : warning LNK4099: 找不到 PDB 'pococryptomdd.pdb' (有 'PocoCryptomdd.lib(OpenSSLInitializer.obj)' 或位於 'G:\NEW VS\of_v0.8.4_vs_release\examples\math\particlesExample1\bin\pococryptomdd.pdb')，當做沒有偵錯資訊，連結物件
         particlesExample.vcxproj -> G:\NEW VS\of_v0.8.4_vs_release\examples\math\particlesExample1\bin\particlesExample_debug.exe
       PostBuildEvent:
         xcopy /e /i /y "G:\NEW VS\of_v0.8.4_vs_release\examples\math\particlesExample1\..\..\..\export\vs\*.dll" "G:\NEW VS\of_v0.8.4_vs_release\examples\math\particlesExample1\bin"
         :VCEnd
         G:\NEW VS\of_v0.8.4_vs_release\examples\math\particlesExample1\..\..\..\export\vs\Assimp32.dll
         G:\NEW VS\of_v0.8.4_vs_release\examples\math\particlesExample1\..\..\..\export\vs\fmodex.dll
         G:\NEW VS\of_v0.8.4_vs_release\examples\math\particlesExample1\..\..\..\export\vs\fmodexL.dll
         G:\NEW VS\of_v0.8.4_vs_release\examples\math\particlesExample1\..\..\..\export\vs\FreeImage.dll
         G:\NEW VS\of_v0.8.4_vs_release\examples\math\particlesExample1\..\..\..\export\vs\FreeType-6.dll
         G:\NEW VS\of_v0.8.4_vs_release\examples\math\particlesExample1\..\..\..\export\vs\glut32.dll
         G:\NEW VS\of_v0.8.4_vs_release\examples\math\particlesExample1\..\..\..\export\vs\libeay32.dll
         G:\NEW VS\of_v0.8.4_vs_release\examples\math\particlesExample1\..\..\..\export\vs\ssleay32.dll
         G:\NEW VS\of_v0.8.4_vs_release\examples\math\particlesExample1\..\..\..\export\vs\Zlib.dll
         已複製 9 個檔案
     1>專案 "G:\NEW VS\of_v0.8.4_vs_release\examples\math\particlesExample1\particlesExample.vcxproj" (Build 目標) 建置完成。

建置成功。

經過時間 00:00:13.55
